The system is: Darwin - 13.3.0 - x86_64
Compiling the C compiler identification source file "CMakeCCompilerId.c" succeeded.
Compiler:  
Build flags: 
Id flags: 

The output was:
0
=== BUILD TARGET CompilerIdC OF PROJECT CompilerIdC WITH THE DEFAULT CONFIGURATION (Debug) ===

Check dependencies

Write auxiliary files
/bin/mkdir -p /Users/robinmalhotra2/Developer/opengl/opengl/opengl_bin/CMakeFiles/3.0.0/CompilerIdC/CompilerIdC.build/Debug/CompilerIdC.build
write-file /Users/robinmalhotra2/Developer/opengl/opengl/opengl_bin/CMakeFiles/3.0.0/CompilerIdC/CompilerIdC.build/Debug/CompilerIdC.build/CompilerIdC-all-target-headers.hmap
write-file /Users/robinmalhotra2/Developer/opengl/opengl/opengl_bin/CMakeFiles/3.0.0/CompilerIdC/CompilerIdC.build/Debug/CompilerIdC.build/CompilerIdC.hmap
write-file /Users/robinmalhotra2/Developer/opengl/opengl/opengl_bin/CMakeFiles/3.0.0/CompilerIdC/CompilerIdC.build/Debug/CompilerIdC.build/CompilerIdC-generated-files.hmap
write-file /Users/robinmalhotra2/Developer/opengl/opengl/opengl_bin/CMakeFiles/3.0.0/CompilerIdC/CompilerIdC.build/Debug/CompilerIdC.build/CompilerIdC-own-target-headers.hmap
write-file /Users/robinmalhotra2/Developer/opengl/opengl/opengl_bin/CMakeFiles/3.0.0/CompilerIdC/CompilerIdC.build/Debug/CompilerIdC.build/Script-2C8FEB8E15DC1A1A00E56A5D.sh
chmod 0755 /Users/robinmalhotra2/Developer/opengl/opengl/opengl_bin/CMakeFiles/3.0.0/CompilerIdC/CompilerIdC.build/Debug/CompilerIdC.build/Script-2C8FEB8E15DC1A1A00E56A5D.sh
write-file /Users/robinmalhotra2/Developer/opengl/opengl/opengl_bin/CMakeFiles/3.0.0/CompilerIdC/CompilerIdC.build/Debug/CompilerIdC.build/CompilerIdC-project-headers.hmap
/bin/mkdir -p /Users/robinmalhotra2/Developer/opengl/opengl/opengl_bin/CMakeFiles/3.0.0/CompilerIdC/CompilerIdC.build/Debug/CompilerIdC.build/Objects-normal/i386
write-file /Users/robinmalhotra2/Developer/opengl/opengl/opengl_bin/CMakeFiles/3.0.0/CompilerIdC/CompilerIdC.build/Debug/CompilerIdC.build/Objects-normal/i386/CompilerIdC.LinkFileList

CompileC CompilerIdC.build/Debug/CompilerIdC.build/Objects-normal/i386/CMakeCCompilerId.o CMakeCCompilerId.c normal i386 c com.apple.compilers.llvm.clang.1_0.compiler
    cd /Users/robinmalhotra2/Developer/opengl/opengl/opengl_bin/CMakeFiles/3.0.0/CompilerIdC
    export LANG=en_US.US-ASCII
    /Applications/Xcode.app/Contents/Developer/Toolchains/XcodeDefault.xctoolchain/usr/bin/clang -x c -arch i386 -fmessage-length=0 -fdiagnostics-show-note-include-stack -fmacro-backtrace-limit=0 -Wno-trigraphs -fpascal-strings -Os -Wno-missing-field-initializers -Wno-missing-prototypes -Wno-return-type -Wno-missing-braces -Wparentheses -Wswitch -Wno-unused-function -Wno-unused-label -Wno-unused-parameter -Wno-unused-variable -Wunused-value -Wno-empty-body -Wno-uninitialized -Wno-unknown-pragmas -Wno-shadow -Wno-four-char-constants -Wno-conversion -Wno-constant-conversion -Wno-int-conversion -Wno-bool-conversion -Wno-enum-conversion -Wno-shorten-64-to-32 -Wpointer-sign -Wno-newline-eof -isysroot /Applications/Xcode.app/Contents/Developer/Platforms/MacOSX.platform/Developer/SDKs/MacOSX10.9.sdk -fasm-blocks -fstrict-aliasing -Wdeprecated-declarations -mmacosx-version-min=10.9 -g -fvisibility=hidden -Wno-sign-conversion -I/Users/robinmalhotra2/Developer/opengl/opengl/opengl_bin/CMakeFiles/3.0.0/CompilerIdC/CompilerIdC.build/Debug/CompilerIdC.build/CompilerIdC.hmap -I/Users/robinmalhotra2/Developer/opengl/opengl/opengl_bin/CMakeFiles/3.0.0/CompilerIdC/include -I/Applications/Xcode.app/Contents/Developer/Toolchains/XcodeDefault.xctoolchain/usr/include -I/Users/robinmalhotra2/Developer/opengl/opengl/opengl_bin/CMakeFiles/3.0.0/CompilerIdC/CompilerIdC.build/Debug/CompilerIdC.build/DerivedSources/i386 -I/Users/robinmalhotra2/Developer/opengl/opengl/opengl_bin/CMakeFiles/3.0.0/CompilerIdC/CompilerIdC.build/Debug/CompilerIdC.build/DerivedSources -F/Users/robinmalhotra2/Developer/opengl/opengl/opengl_bin/CMakeFiles/3.0.0/CompilerIdC -MMD -MT dependencies -MF /Users/robinmalhotra2/Developer/opengl/opengl/opengl_bin/CMakeFiles/3.0.0/CompilerIdC/CompilerIdC.build/Debug/CompilerIdC.build/Objects-normal/i386/CMakeCCompilerId.d --serialize-diagnostics /Users/robinmalhotra2/Developer/opengl/opengl/opengl_bin/CMakeFiles/3.0.0/CompilerIdC/CompilerIdC.build/Debug/CompilerIdC.build/Objects-normal/i386/CMakeCCompilerId.dia -c /Users/robinmalhotra2/Developer/opengl/opengl/opengl_bin/CMakeFiles/3.0.0/CompilerIdC/CMakeCCompilerId.c -o /Users/robinmalhotra2/Developer/opengl/opengl/opengl_bin/CMakeFiles/3.0.0/CompilerIdC/CompilerIdC.build/Debug/CompilerIdC.build/Objects-normal/i386/CMakeCCompilerId.o

Ld CompilerIdC normal i386
    cd /Users/robinmalhotra2/Developer/opengl/opengl/opengl_bin/CMakeFiles/3.0.0/CompilerIdC
    export MACOSX_DEPLOYMENT_TARGET=10.9
    /Applications/Xcode.app/Contents/Developer/Toolchains/XcodeDefault.xctoolchain/usr/bin/clang -arch i386 -isysroot /Applications/Xcode.app/Contents/Developer/Platforms/MacOSX.platform/Developer/SDKs/MacOSX10.9.sdk -L/Users/robinmalhotra2/Developer/opengl/opengl/opengl_bin/CMakeFiles/3.0.0/CompilerIdC -F/Users/robinmalhotra2/Developer/opengl/opengl/opengl_bin/CMakeFiles/3.0.0/CompilerIdC -filelist /Users/robinmalhotra2/Developer/opengl/opengl/opengl_bin/CMakeFiles/3.0.0/CompilerIdC/CompilerIdC.build/Debug/CompilerIdC.build/Objects-normal/i386/CompilerIdC.LinkFileList -mmacosx-version-min=10.9 -Xlinker -dependency_info -Xlinker /Users/robinmalhotra2/Developer/opengl/opengl/opengl_bin/CMakeFiles/3.0.0/CompilerIdC/CompilerIdC.build/Debug/CompilerIdC.build/Objects-normal/i386/CompilerIdC_dependency_info.dat -o /Users/robinmalhotra2/Developer/opengl/opengl/opengl_bin/CMakeFiles/3.0.0/CompilerIdC/CompilerIdC

PhaseScriptExecution Run\ Script CompilerIdC.build/Debug/CompilerIdC.build/Script-2C8FEB8E15DC1A1A00E56A5D.sh
    cd /Users/robinmalhotra2/Developer/opengl/opengl/opengl_bin/CMakeFiles/3.0.0/CompilerIdC
    /bin/sh -c /Users/robinmalhotra2/Developer/opengl/opengl/opengl_bin/CMakeFiles/3.0.0/CompilerIdC/CompilerIdC.build/Debug/CompilerIdC.build/Script-2C8FEB8E15DC1A1A00E56A5D.sh
GCC_VERSION=com.apple.compilers.llvm.clang.1_0

** BUILD SUCCEEDED **



Compilation of the C compiler identification source "CMakeCCompilerId.c" produced "CompilerIdC"

The C compiler identification is AppleClang, found in "/Users/robinmalhotra2/Developer/opengl/opengl/opengl_bin/CMakeFiles/3.0.0/CompilerIdC/CompilerIdC"

Compiling the CXX compiler identification source file "CMakeCXXCompilerId.cpp" succeeded.
Compiler:  
Build flags: 
Id flags: 

The output was:
0
=== BUILD TARGET CompilerIdCXX OF PROJECT CompilerIdCXX WITH THE DEFAULT CONFIGURATION (Debug) ===

Check dependencies

Write auxiliary files
/bin/mkdir -p /Users/robinmalhotra2/Developer/opengl/opengl/opengl_bin/CMakeFiles/3.0.0/CompilerIdCXX/CompilerIdCXX.build/Debug/CompilerIdCXX.build
write-file /Users/robinmalhotra2/Developer/opengl/opengl/opengl_bin/CMakeFiles/3.0.0/CompilerIdCXX/CompilerIdCXX.build/Debug/CompilerIdCXX.build/CompilerIdCXX.hmap
/bin/mkdir -p /Users/robinmalhotra2/Developer/opengl/opengl/opengl_bin/CMakeFiles/3.0.0/CompilerIdCXX/CompilerIdCXX.build/Debug/CompilerIdCXX.build/Objects-normal/i386
write-file /Users/robinmalhotra2/Developer/opengl/opengl/opengl_bin/CMakeFiles/3.0.0/CompilerIdCXX/CompilerIdCXX.build/Debug/CompilerIdCXX.build/Objects-normal/i386/CompilerIdCXX.LinkFileList
write-file /Users/robinmalhotra2/Developer/opengl/opengl/opengl_bin/CMakeFiles/3.0.0/CompilerIdCXX/CompilerIdCXX.build/Debug/CompilerIdCXX.build/CompilerIdCXX-project-headers.hmap
write-file /Users/robinmalhotra2/Developer/opengl/opengl/opengl_bin/CMakeFiles/3.0.0/CompilerIdCXX/CompilerIdCXX.build/Debug/CompilerIdCXX.build/Script-2C8FEB8E15DC1A1A00E56A5D.sh
chmod 0755 /Users/robinmalhotra2/Developer/opengl/opengl/opengl_bin/CMakeFiles/3.0.0/CompilerIdCXX/CompilerIdCXX.build/Debug/CompilerIdCXX.build/Script-2C8FEB8E15DC1A1A00E56A5D.sh
write-file /Users/robinmalhotra2/Developer/opengl/opengl/opengl_bin/CMakeFiles/3.0.0/CompilerIdCXX/CompilerIdCXX.build/Debug/CompilerIdCXX.build/CompilerIdCXX-own-target-headers.hmap
write-file /Users/robinmalhotra2/Developer/opengl/opengl/opengl_bin/CMakeFiles/3.0.0/CompilerIdCXX/CompilerIdCXX.build/Debug/CompilerIdCXX.build/CompilerIdCXX-generated-files.hmap
write-file /Users/robinmalhotra2/Developer/opengl/opengl/opengl_bin/CMakeFiles/3.0.0/CompilerIdCXX/CompilerIdCXX.build/Debug/CompilerIdCXX.build/CompilerIdCXX-all-target-headers.hmap

CompileC CompilerIdCXX.build/Debug/CompilerIdCXX.build/Objects-normal/i386/CMakeCXXCompilerId.o CMakeCXXCompilerId.cpp normal i386 c++ com.apple.compilers.llvm.clang.1_0.compiler
    cd /Users/robinmalhotra2/Developer/opengl/opengl/opengl_bin/CMakeFiles/3.0.0/CompilerIdCXX
    export LANG=en_US.US-ASCII
    /Applications/Xcode.app/Contents/Developer/Toolchains/XcodeDefault.xctoolchain/usr/bin/clang -x c++ -arch i386 -fmessage-length=0 -fdiagnostics-show-note-include-stack -fmacro-backtrace-limit=0 -Wno-trigraphs -fpascal-strings -Os -Wno-missing-field-initializers -Wno-missing-prototypes -Wno-return-type -Wno-non-virtual-dtor -Wno-overloaded-virtual -Wno-exit-time-destructors -Wno-missing-braces -Wparentheses -Wswitch -Wno-unused-function -Wno-unused-label -Wno-unused-parameter -Wno-unused-variable -Wunused-value -Wno-empty-body -Wno-uninitialized -Wno-unknown-pragmas -Wno-shadow -Wno-four-char-constants -Wno-conversion -Wno-constant-conversion -Wno-int-conversion -Wno-bool-conversion -Wno-enum-conversion -Wno-shorten-64-to-32 -Wno-newline-eof -Wno-c++11-extensions -isysroot /Applications/Xcode.app/Contents/Developer/Platforms/MacOSX.platform/Developer/SDKs/MacOSX10.9.sdk -fasm-blocks -fstrict-aliasing -Wdeprecated-declarations -Winvalid-offsetof -mmacosx-version-min=10.9 -g -fvisibility=hidden -fvisibility-inlines-hidden -Wno-sign-conversion -I/Users/robinmalhotra2/Developer/opengl/opengl/opengl_bin/CMakeFiles/3.0.0/CompilerIdCXX/CompilerIdCXX.build/Debug/CompilerIdCXX.build/CompilerIdCXX.hmap -I/Users/robinmalhotra2/Developer/opengl/opengl/opengl_bin/CMakeFiles/3.0.0/CompilerIdCXX/include -I/Applications/Xcode.app/Contents/Developer/Toolchains/XcodeDefault.xctoolchain/usr/include -I/Users/robinmalhotra2/Developer/opengl/opengl/opengl_bin/CMakeFiles/3.0.0/CompilerIdCXX/CompilerIdCXX.build/Debug/CompilerIdCXX.build/DerivedSources/i386 -I/Users/robinmalhotra2/Developer/opengl/opengl/opengl_bin/CMakeFiles/3.0.0/CompilerIdCXX/CompilerIdCXX.build/Debug/CompilerIdCXX.build/DerivedSources -F/Users/robinmalhotra2/Developer/opengl/opengl/opengl_bin/CMakeFiles/3.0.0/CompilerIdCXX -MMD -MT dependencies -MF /Users/robinmalhotra2/Developer/opengl/opengl/opengl_bin/CMakeFiles/3.0.0/CompilerIdCXX/CompilerIdCXX.build/Debug/CompilerIdCXX.build/Objects-normal/i386/CMakeCXXCompilerId.d --serialize-diagnostics /Users/robinmalhotra2/Developer/opengl/opengl/opengl_bin/CMakeFiles/3.0.0/CompilerIdCXX/CompilerIdCXX.build/Debug/CompilerIdCXX.build/Objects-normal/i386/CMakeCXXCompilerId.dia -c /Users/robinmalhotra2/Developer/opengl/opengl/opengl_bin/CMakeFiles/3.0.0/CompilerIdCXX/CMakeCXXCompilerId.cpp -o /Users/robinmalhotra2/Developer/opengl/opengl/opengl_bin/CMakeFiles/3.0.0/CompilerIdCXX/CompilerIdCXX.build/Debug/CompilerIdCXX.build/Objects-normal/i386/CMakeCXXCompilerId.o

Ld CompilerIdCXX normal i386
    cd /Users/robinmalhotra2/Developer/opengl/opengl/opengl_bin/CMakeFiles/3.0.0/CompilerIdCXX
    export MACOSX_DEPLOYMENT_TARGET=10.9
    /Applications/Xcode.app/Contents/Developer/Toolchains/XcodeDefault.xctoolchain/usr/bin/clang++ -arch i386 -isysroot /Applications/Xcode.app/Contents/Developer/Platforms/MacOSX.platform/Developer/SDKs/MacOSX10.9.sdk -L/Users/robinmalhotra2/Developer/opengl/opengl/opengl_bin/CMakeFiles/3.0.0/CompilerIdCXX -F/Users/robinmalhotra2/Developer/opengl/opengl/opengl_bin/CMakeFiles/3.0.0/CompilerIdCXX -filelist /Users/robinmalhotra2/Developer/opengl/opengl/opengl_bin/CMakeFiles/3.0.0/CompilerIdCXX/CompilerIdCXX.build/Debug/CompilerIdCXX.build/Objects-normal/i386/CompilerIdCXX.LinkFileList -mmacosx-version-min=10.9 -Xlinker -dependency_info -Xlinker /Users/robinmalhotra2/Developer/opengl/opengl/opengl_bin/CMakeFiles/3.0.0/CompilerIdCXX/CompilerIdCXX.build/Debug/CompilerIdCXX.build/Objects-normal/i386/CompilerIdCXX_dependency_info.dat -o /Users/robinmalhotra2/Developer/opengl/opengl/opengl_bin/CMakeFiles/3.0.0/CompilerIdCXX/CompilerIdCXX

PhaseScriptExecution Run\ Script CompilerIdCXX.build/Debug/CompilerIdCXX.build/Script-2C8FEB8E15DC1A1A00E56A5D.sh
    cd /Users/robinmalhotra2/Developer/opengl/opengl/opengl_bin/CMakeFiles/3.0.0/CompilerIdCXX
    /bin/sh -c /Users/robinmalhotra2/Developer/opengl/opengl/opengl_bin/CMakeFiles/3.0.0/CompilerIdCXX/CompilerIdCXX.build/Debug/CompilerIdCXX.build/Script-2C8FEB8E15DC1A1A00E56A5D.sh
GCC_VERSION=com.apple.compilers.llvm.clang.1_0

** BUILD SUCCEEDED **



Compilation of the CXX compiler identification source "CMakeCXXCompilerId.cpp" produced "CompilerIdCXX"

The CXX compiler identification is AppleClang, found in "/Users/robinmalhotra2/Developer/opengl/opengl/opengl_bin/CMakeFiles/3.0.0/CompilerIdCXX/CompilerIdCXX"

Determining if the C compiler works passed with the following output:
Change Dir: /Users/robinmalhotra2/Developer/opengl/opengl/opengl_bin/CMakeFiles/CMakeTmp

Run Build Command:"/Applications/CMake.app/Contents/bin/cmakexbuild" "-project" "CMAKE_TRY_COMPILE.xcodeproj" "build" "-target" "cmTryCompileExec3842498728" "-configuration" "Debug"
=== BUILD TARGET cmTryCompileExec3842498728 OF PROJECT CMAKE_TRY_COMPILE WITH CONFIGURATION Debug ===

Check dependencies

Write auxiliary files
/bin/mkdir -p /Users/robinmalhotra2/Developer/opengl/opengl/opengl_bin/CMakeFiles/CMakeTmp/CMAKE_TRY_COMPILE.build/Debug/cmTryCompileExec3842498728.build/Objects-normal/x86_64
write-file /Users/robinmalhotra2/Developer/opengl/opengl/opengl_bin/CMakeFiles/CMakeTmp/CMAKE_TRY_COMPILE.build/Debug/cmTryCompileExec3842498728.build/Objects-normal/x86_64/cmTryCompileExec3842498728.LinkFileList

CompileC CMAKE_TRY_COMPILE.build/Debug/cmTryCompileExec3842498728.build/Objects-normal/x86_64/testCCompiler.o testCCompiler.c normal x86_64 c com.apple.compilers.llvm.clang.1_0.compiler
    cd /Users/robinmalhotra2/Developer/opengl/opengl/opengl_bin/CMakeFiles/CMakeTmp
    export LANG=en_US.US-ASCII
    /Applications/Xcode.app/Contents/Developer/Toolchains/XcodeDefault.xctoolchain/usr/bin/clang -x c -arch x86_64 -fmessage-length=0 -fdiagnostics-show-note-include-stack -fmacro-backtrace-limit=0 -Wno-trigraphs -fpascal-strings -O0 -Wno-missing-field-initializers -Wno-missing-prototypes -Wno-return-type -Wno-missing-braces -Wparentheses -Wswitch -Wno-unused-function -Wno-unused-label -Wno-unused-parameter -Wno-unused-variable -Wunused-value -Wno-empty-body -Wno-uninitialized -Wno-unknown-pragmas -Wno-shadow -Wno-four-char-constants -Wno-conversion -Wno-constant-conversion -Wno-int-conversion -Wno-bool-conversion -Wno-enum-conversion -Wno-shorten-64-to-32 -Wpointer-sign -Wno-newline-eof -DCMAKE_INTDIR=\"Debug\" -isysroot /Applications/Xcode.app/Contents/Developer/Platforms/MacOSX.platform/Developer/SDKs/MacOSX10.9.sdk -fasm-blocks -fstrict-aliasing -Wdeprecated-declarations -mmacosx-version-min=10.9 -g -Wno-sign-conversion -I/Users/robinmalhotra2/Developer/opengl/opengl/opengl_bin/CMakeFiles/CMakeTmp/Debug/include -I/Applications/Xcode.app/Contents/Developer/Toolchains/XcodeDefault.xctoolchain/usr/include -I/Users/robinmalhotra2/Developer/opengl/opengl/opengl_bin/CMakeFiles/CMakeTmp/CMAKE_TRY_COMPILE.build/Debug/cmTryCompileExec3842498728.build/DerivedSources/x86_64 -I/Users/robinmalhotra2/Developer/opengl/opengl/opengl_bin/CMakeFiles/CMakeTmp/CMAKE_TRY_COMPILE.build/Debug/cmTryCompileExec3842498728.build/DerivedSources -Wmost -Wno-four-char-constants -Wno-unknown-pragmas -F/Users/robinmalhotra2/Developer/opengl/opengl/opengl_bin/CMakeFiles/CMakeTmp/Debug -MMD -MT dependencies -MF /Users/robinmalhotra2/Developer/opengl/opengl/opengl_bin/CMakeFiles/CMakeTmp/CMAKE_TRY_COMPILE.build/Debug/cmTryCompileExec3842498728.build/Objects-normal/x86_64/testCCompiler.d --serialize-diagnostics /Users/robinmalhotra2/Developer/opengl/opengl/opengl_bin/CMakeFiles/CMakeTmp/CMAKE_TRY_COMPILE.build/Debug/cmTryCompileExec3842498728.build/Objects-normal/x86_64/testCCompiler.dia -c /Users/robinmalhotra2/Developer/opengl/opengl/opengl_bin/CMakeFiles/CMakeTmp/testCCompiler.c -o /Users/robinmalhotra2/Developer/opengl/opengl/opengl_bin/CMakeFiles/CMakeTmp/CMAKE_TRY_COMPILE.build/Debug/cmTryCompileExec3842498728.build/Objects-normal/x86_64/testCCompiler.o

Ld Debug/cmTryCompileExec3842498728 normal x86_64
    cd /Users/robinmalhotra2/Developer/opengl/opengl/opengl_bin/CMakeFiles/CMakeTmp
    export MACOSX_DEPLOYMENT_TARGET=10.9
    /Applications/Xcode.app/Contents/Developer/Toolchains/XcodeDefault.xctoolchain/usr/bin/clang -arch x86_64 -isysroot /Applications/Xcode.app/Contents/Developer/Platforms/MacOSX.platform/Developer/SDKs/MacOSX10.9.sdk -L/Users/robinmalhotra2/Developer/opengl/opengl/opengl_bin/CMakeFiles/CMakeTmp/Debug -F/Users/robinmalhotra2/Developer/opengl/opengl/opengl_bin/CMakeFiles/CMakeTmp/Debug -filelist /Users/robinmalhotra2/Developer/opengl/opengl/opengl_bin/CMakeFiles/CMakeTmp/CMAKE_TRY_COMPILE.build/Debug/cmTryCompileExec3842498728.build/Objects-normal/x86_64/cmTryCompileExec3842498728.LinkFileList -mmacosx-version-min=10.9 -Wl,-search_paths_first -Wl,-headerpad_max_install_names -Xlinker -dependency_info -Xlinker /Users/robinmalhotra2/Developer/opengl/opengl/opengl_bin/CMakeFiles/CMakeTmp/CMAKE_TRY_COMPILE.build/Debug/cmTryCompileExec3842498728.build/Objects-normal/x86_64/cmTryCompileExec3842498728_dependency_info.dat -o /Users/robinmalhotra2/Developer/opengl/opengl/opengl_bin/CMakeFiles/CMakeTmp/Debug/cmTryCompileExec3842498728

** BUILD SUCCEEDED **



Detecting C compiler ABI info compiled with the following output:
Change Dir: /Users/robinmalhotra2/Developer/opengl/opengl/opengl_bin/CMakeFiles/CMakeTmp

Run Build Command:"/Applications/CMake.app/Contents/bin/cmakexbuild" "-project" "CMAKE_TRY_COMPILE.xcodeproj" "build" "-target" "cmTryCompileExec1776765791" "-configuration" "Debug"
=== BUILD TARGET cmTryCompileExec1776765791 OF PROJECT CMAKE_TRY_COMPILE WITH CONFIGURATION Debug ===

Check dependencies

Write auxiliary files
/bin/mkdir -p /Users/robinmalhotra2/Developer/opengl/opengl/opengl_bin/CMakeFiles/CMakeTmp/CMAKE_TRY_COMPILE.build/Debug/cmTryCompileExec1776765791.build/Objects-normal/x86_64
write-file /Users/robinmalhotra2/Developer/opengl/opengl/opengl_bin/CMakeFiles/CMakeTmp/CMAKE_TRY_COMPILE.build/Debug/cmTryCompileExec1776765791.build/Objects-normal/x86_64/cmTryCompileExec1776765791.LinkFileList

CompileC CMAKE_TRY_COMPILE.build/Debug/cmTryCompileExec1776765791.build/Objects-normal/x86_64/CMakeCCompilerABI.o /Applications/CMake.app/Contents/share/cmake-3.0/Modules/CMakeCCompilerABI.c normal x86_64 c com.apple.compilers.llvm.clang.1_0.compiler
    cd /Users/robinmalhotra2/Developer/opengl/opengl/opengl_bin/CMakeFiles/CMakeTmp
    export LANG=en_US.US-ASCII
    /Applications/Xcode.app/Contents/Developer/Toolchains/XcodeDefault.xctoolchain/usr/bin/clang -x c -arch x86_64 -fmessage-length=0 -fdiagnostics-show-note-include-stack -fmacro-backtrace-limit=0 -Wno-trigraphs -fpascal-strings -O0 -Wno-missing-field-initializers -Wno-missing-prototypes -Wno-return-type -Wno-missing-braces -Wparentheses -Wswitch -Wno-unused-function -Wno-unused-label -Wno-unused-parameter -Wno-unused-variable -Wunused-value -Wno-empty-body -Wno-uninitialized -Wno-unknown-pragmas -Wno-shadow -Wno-four-char-constants -Wno-conversion -Wno-constant-conversion -Wno-int-conversion -Wno-bool-conversion -Wno-enum-conversion -Wno-shorten-64-to-32 -Wpointer-sign -Wno-newline-eof -DCMAKE_INTDIR=\"Debug\" -isysroot /Applications/Xcode.app/Contents/Developer/Platforms/MacOSX.platform/Developer/SDKs/MacOSX10.9.sdk -fasm-blocks -fstrict-aliasing -Wdeprecated-declarations -mmacosx-version-min=10.9 -g -Wno-sign-conversion -I/Users/robinmalhotra2/Developer/opengl/opengl/opengl_bin/CMakeFiles/CMakeTmp/Debug/include -I/Applications/Xcode.app/Contents/Developer/Toolchains/XcodeDefault.xctoolchain/usr/include -I/Users/robinmalhotra2/Developer/opengl/opengl/opengl_bin/CMakeFiles/CMakeTmp/CMAKE_TRY_COMPILE.build/Debug/cmTryCompileExec1776765791.build/DerivedSources/x86_64 -I/Users/robinmalhotra2/Developer/opengl/opengl/opengl_bin/CMakeFiles/CMakeTmp/CMAKE_TRY_COMPILE.build/Debug/cmTryCompileExec1776765791.build/DerivedSources -Wmost -Wno-four-char-constants -Wno-unknown-pragmas -F/Users/robinmalhotra2/Developer/opengl/opengl/opengl_bin/CMakeFiles/CMakeTmp/Debug -MMD -MT dependencies -MF /Users/robinmalhotra2/Developer/opengl/opengl/opengl_bin/CMakeFiles/CMakeTmp/CMAKE_TRY_COMPILE.build/Debug/cmTryCompileExec1776765791.build/Objects-normal/x86_64/CMakeCCompilerABI.d --serialize-diagnostics /Users/robinmalhotra2/Developer/opengl/opengl/opengl_bin/CMakeFiles/CMakeTmp/CMAKE_TRY_COMPILE.build/Debug/cmTryCompileExec1776765791.build/Objects-normal/x86_64/CMakeCCompilerABI.dia -c /Applications/CMake.app/Contents/share/cmake-3.0/Modules/CMakeCCompilerABI.c -o /Users/robinmalhotra2/Developer/opengl/opengl/opengl_bin/CMakeFiles/CMakeTmp/CMAKE_TRY_COMPILE.build/Debug/cmTryCompileExec1776765791.build/Objects-normal/x86_64/CMakeCCompilerABI.o

Ld Debug/cmTryCompileExec1776765791 normal x86_64
    cd /Users/robinmalhotra2/Developer/opengl/opengl/opengl_bin/CMakeFiles/CMakeTmp
    export MACOSX_DEPLOYMENT_TARGET=10.9
    /Applications/Xcode.app/Contents/Developer/Toolchains/XcodeDefault.xctoolchain/usr/bin/clang -arch x86_64 -isysroot /Applications/Xcode.app/Contents/Developer/Platforms/MacOSX.platform/Developer/SDKs/MacOSX10.9.sdk -L/Users/robinmalhotra2/Developer/opengl/opengl/opengl_bin/CMakeFiles/CMakeTmp/Debug -F/Users/robinmalhotra2/Developer/opengl/opengl/opengl_bin/CMakeFiles/CMakeTmp/Debug -filelist /Users/robinmalhotra2/Developer/opengl/opengl/opengl_bin/CMakeFiles/CMakeTmp/CMAKE_TRY_COMPILE.build/Debug/cmTryCompileExec1776765791.build/Objects-normal/x86_64/cmTryCompileExec1776765791.LinkFileList -mmacosx-version-min=10.9 -v -Wl,-v -Wl,-search_paths_first -Wl,-headerpad_max_install_names -Xlinker -dependency_info -Xlinker /Users/robinmalhotra2/Developer/opengl/opengl/opengl_bin/CMakeFiles/CMakeTmp/CMAKE_TRY_COMPILE.build/Debug/cmTryCompileExec1776765791.build/Objects-normal/x86_64/cmTryCompileExec1776765791_dependency_info.dat -o /Users/robinmalhotra2/Developer/opengl/opengl/opengl_bin/CMakeFiles/CMakeTmp/Debug/cmTryCompileExec1776765791
Apple LLVM version 5.1 (clang-503.0.40) (based on LLVM 3.4svn)
Target: x86_64-apple-darwin13.3.0
Thread model: posix
 "/Applications/Xcode.app/Contents/Developer/Toolchains/XcodeDefault.xctoolchain/usr/bin/ld" -demangle -dynamic -arch x86_64 -macosx_version_min 10.9.0 -syslibroot /Applications/Xcode.app/Contents/Developer/Platforms/MacOSX.platform/Developer/SDKs/MacOSX10.9.sdk -o /Users/robinmalhotra2/Developer/opengl/opengl/opengl_bin/CMakeFiles/CMakeTmp/Debug/cmTryCompileExec1776765791 -L/Users/robinmalhotra2/Developer/opengl/opengl/opengl_bin/CMakeFiles/CMakeTmp/Debug -filelist /Users/robinmalhotra2/Developer/opengl/opengl/opengl_bin/CMakeFiles/CMakeTmp/CMAKE_TRY_COMPILE.build/Debug/cmTryCompileExec1776765791.build/Objects-normal/x86_64/cmTryCompileExec1776765791.LinkFileList -v -search_paths_first -headerpad_max_install_names -dependency_info /Users/robinmalhotra2/Developer/opengl/opengl/opengl_bin/CMakeFiles/CMakeTmp/CMAKE_TRY_COMPILE.build/Debug/cmTryCompileExec1776765791.build/Objects-normal/x86_64/cmTryCompileExec1776765791_dependency_info.dat -lSystem /Applications/Xcode.app/Contents/Developer/Toolchains/XcodeDefault.xctoolchain/usr/bin/../lib/clang/5.1/lib/darwin/libclang_rt.osx.a -F/Users/robinmalhotra2/Developer/opengl/opengl/opengl_bin/CMakeFiles/CMakeTmp/Debug
@(#)PROGRAM:ld  PROJECT:ld64-236.4
configured to support archs: armv6 armv7 armv7s arm64 i386 x86_64 armv6m armv7m armv7em
Library search paths:
	/Users/robinmalhotra2/Developer/opengl/opengl/opengl_bin/CMakeFiles/CMakeTmp/Debug
	/Applications/Xcode.app/Contents/Developer/Platforms/MacOSX.platform/Developer/SDKs/MacOSX10.9.sdk/usr/lib
Framework search paths:
	/Users/robinmalhotra2/Developer/opengl/opengl/opengl_bin/CMakeFiles/CMakeTmp/Debug
	/Applications/Xcode.app/Contents/Developer/Platforms/MacOSX.platform/Developer/SDKs/MacOSX10.9.sdk/System/Library/Frameworks/

** BUILD SUCCEEDED **



Parsed C implicit link information from above output:
  link line regex: [^( *|.*[/\])(ld|([^/\]+-)?ld|collect2)[^/\]*( |$)]
  ignore line: [Change Dir: /Users/robinmalhotra2/Developer/opengl/opengl/opengl_bin/CMakeFiles/CMakeTmp]
  ignore line: []
  ignore line: [Run Build Command:"/Applications/CMake.app/Contents/bin/cmakexbuild" "-project" "CMAKE_TRY_COMPILE.xcodeproj" "build" "-target" "cmTryCompileExec1776765791" "-configuration" "Debug"]
  ignore line: [=== BUILD TARGET cmTryCompileExec1776765791 OF PROJECT CMAKE_TRY_COMPILE WITH CONFIGURATION Debug ===]
  ignore line: []
  ignore line: [Check dependencies]
  ignore line: []
  ignore line: [Write auxiliary files]
  ignore line: [/bin/mkdir -p /Users/robinmalhotra2/Developer/opengl/opengl/opengl_bin/CMakeFiles/CMakeTmp/CMAKE_TRY_COMPILE.build/Debug/cmTryCompileExec1776765791.build/Objects-normal/x86_64]
  ignore line: [write-file /Users/robinmalhotra2/Developer/opengl/opengl/opengl_bin/CMakeFiles/CMakeTmp/CMAKE_TRY_COMPILE.build/Debug/cmTryCompileExec1776765791.build/Objects-normal/x86_64/cmTryCompileExec1776765791.LinkFileList]
  ignore line: []
  ignore line: [CompileC CMAKE_TRY_COMPILE.build/Debug/cmTryCompileExec1776765791.build/Objects-normal/x86_64/CMakeCCompilerABI.o /Applications/CMake.app/Contents/share/cmake-3.0/Modules/CMakeCCompilerABI.c normal x86_64 c com.apple.compilers.llvm.clang.1_0.compiler]
  ignore line: [    cd /Users/robinmalhotra2/Developer/opengl/opengl/opengl_bin/CMakeFiles/CMakeTmp]
  ignore line: [    export LANG=en_US.US-ASCII]
  ignore line: [    /Applications/Xcode.app/Contents/Developer/Toolchains/XcodeDefault.xctoolchain/usr/bin/clang -x c -arch x86_64 -fmessage-length=0 -fdiagnostics-show-note-include-stack -fmacro-backtrace-limit=0 -Wno-trigraphs -fpascal-strings -O0 -Wno-missing-field-initializers -Wno-missing-prototypes -Wno-return-type -Wno-missing-braces -Wparentheses -Wswitch -Wno-unused-function -Wno-unused-label -Wno-unused-parameter -Wno-unused-variable -Wunused-value -Wno-empty-body -Wno-uninitialized -Wno-unknown-pragmas -Wno-shadow -Wno-four-char-constants -Wno-conversion -Wno-constant-conversion -Wno-int-conversion -Wno-bool-conversion -Wno-enum-conversion -Wno-shorten-64-to-32 -Wpointer-sign -Wno-newline-eof -DCMAKE_INTDIR=\"Debug\" -isysroot /Applications/Xcode.app/Contents/Developer/Platforms/MacOSX.platform/Developer/SDKs/MacOSX10.9.sdk -fasm-blocks -fstrict-aliasing -Wdeprecated-declarations -mmacosx-version-min=10.9 -g -Wno-sign-conversion -I/Users/robinmalhotra2/Developer/opengl/opengl/opengl_bin/CMakeFiles/CMakeTmp/Debug/include -I/Applications/Xcode.app/Contents/Developer/Toolchains/XcodeDefault.xctoolchain/usr/include -I/Users/robinmalhotra2/Developer/opengl/opengl/opengl_bin/CMakeFiles/CMakeTmp/CMAKE_TRY_COMPILE.build/Debug/cmTryCompileExec1776765791.build/DerivedSources/x86_64 -I/Users/robinmalhotra2/Developer/opengl/opengl/opengl_bin/CMakeFiles/CMakeTmp/CMAKE_TRY_COMPILE.build/Debug/cmTryCompileExec1776765791.build/DerivedSources -Wmost -Wno-four-char-constants -Wno-unknown-pragmas -F/Users/robinmalhotra2/Developer/opengl/opengl/opengl_bin/CMakeFiles/CMakeTmp/Debug -MMD -MT dependencies -MF /Users/robinmalhotra2/Developer/opengl/opengl/opengl_bin/CMakeFiles/CMakeTmp/CMAKE_TRY_COMPILE.build/Debug/cmTryCompileExec1776765791.build/Objects-normal/x86_64/CMakeCCompilerABI.d --serialize-diagnostics /Users/robinmalhotra2/Developer/opengl/opengl/opengl_bin/CMakeFiles/CMakeTmp/CMAKE_TRY_COMPILE.build/Debug/cmTryCompileExec1776765791.build/Objects-normal/x86_64/CMakeCCompilerABI.dia -c /Applications/CMake.app/Contents/share/cmake-3.0/Modules/CMakeCCompilerABI.c -o /Users/robinmalhotra2/Developer/opengl/opengl/opengl_bin/CMakeFiles/CMakeTmp/CMAKE_TRY_COMPILE.build/Debug/cmTryCompileExec1776765791.build/Objects-normal/x86_64/CMakeCCompilerABI.o]
  ignore line: []
  ignore line: [Ld Debug/cmTryCompileExec1776765791 normal x86_64]
  ignore line: [    cd /Users/robinmalhotra2/Developer/opengl/opengl/opengl_bin/CMakeFiles/CMakeTmp]
  ignore line: [    export MACOSX_DEPLOYMENT_TARGET=10.9]
  ignore line: [    /Applications/Xcode.app/Contents/Developer/Toolchains/XcodeDefault.xctoolchain/usr/bin/clang -arch x86_64 -isysroot /Applications/Xcode.app/Contents/Developer/Platforms/MacOSX.platform/Developer/SDKs/MacOSX10.9.sdk -L/Users/robinmalhotra2/Developer/opengl/opengl/opengl_bin/CMakeFiles/CMakeTmp/Debug -F/Users/robinmalhotra2/Developer/opengl/opengl/opengl_bin/CMakeFiles/CMakeTmp/Debug -filelist /Users/robinmalhotra2/Developer/opengl/opengl/opengl_bin/CMakeFiles/CMakeTmp/CMAKE_TRY_COMPILE.build/Debug/cmTryCompileExec1776765791.build/Objects-normal/x86_64/cmTryCompileExec1776765791.LinkFileList -mmacosx-version-min=10.9 -v -Wl,-v -Wl,-search_paths_first -Wl,-headerpad_max_install_names -Xlinker -dependency_info -Xlinker /Users/robinmalhotra2/Developer/opengl/opengl/opengl_bin/CMakeFiles/CMakeTmp/CMAKE_TRY_COMPILE.build/Debug/cmTryCompileExec1776765791.build/Objects-normal/x86_64/cmTryCompileExec1776765791_dependency_info.dat -o /Users/robinmalhotra2/Developer/opengl/opengl/opengl_bin/CMakeFiles/CMakeTmp/Debug/cmTryCompileExec1776765791]
  ignore line: [Apple LLVM version 5.1 (clang-503.0.40) (based on LLVM 3.4svn)]
  ignore line: [Target: x86_64-apple-darwin13.3.0]
  ignore line: [Thread model: posix]
  reduced line: [ "/Applications/Xcode.app/Contents/Developer/Toolchains/XcodeDefault.xctoolchain/usr/bin/ld" -demangle -dynamic -arch x86_64 -macosx_version_min 10.9.0 -syslibroot /Applications/Xcode.app/Contents/Developer/Platforms/MacOSX.platform/Developer/SDKs/MacOSX10.9.sdk -o /Users/robinmalhotra2/Developer/opengl/opengl/opengl_bin/CMakeFiles/CMakeTmp/Debug/cmTryCompileExec1776765791 -L/Users/robinmalhotra2/Developer/opengl/opengl/opengl_bin/CMakeFiles/CMakeTmp/Debug -filelist /Users/robinmalhotra2/Developer/opengl/opengl/opengl_bin/CMakeFiles/CMakeTmp/CMAKE_TRY_COMPILE.build/Debug/cmTryCompileExec1776765791.build/Objects-normal/x86_64/cmTryCompileExec1776765791.LinkFileList -v -search_paths_first -headerpad_max_install_names -dependency_info /Users/robinmalhotra2/Developer/opengl/opengl/opengl_bin/CMakeFiles/CMakeTmp/CMAKE_TRY_COMPILE.build/Debug/cmTryCompileExec1776765791.build/Objects-normal/x86_64/cmTryCompileExec1776765791_dependency_info.dat -lSystem /Applications/Xcode.app/Contents/Developer/Toolchains/XcodeDefault.xctoolchain/usr/bin/../lib/clang/5.1/lib/darwin/libclang_rt.osx.a -F/Users/robinmalhotra2/Developer/opengl/opengl/opengl_bin/CMakeFiles/CMakeTmp/Debug]
            to: [ "/Applications/Xcode.app/Contents/Developer/Toolchains/XcodeDefault.xctoolchain/usr/bin/ld" -demangle -dynamic -arch x86_64 -macosx_version_min 10.9.0 -syslibroot /Applications/Xcode.app/Contents/Developer/Platforms/MacOSX.platform/Developer/SDKs/MacOSX10.9.sdk -o /Users/robinmalhotra2/Developer/opengl/opengl/opengl_bin/CMakeFiles/CMakeTmp/Debug/cmTryCompileExec1776765791 -filelist /Users/robinmalhotra2/Developer/opengl/opengl/opengl_bin/CMakeFiles/CMakeTmp/CMAKE_TRY_COMPILE.build/Debug/cmTryCompileExec1776765791.build/Objects-normal/x86_64/cmTryCompileExec1776765791.LinkFileList -v -search_paths_first -headerpad_max_install_names -dependency_info /Users/robinmalhotra2/Developer/opengl/opengl/opengl_bin/CMakeFiles/CMakeTmp/CMAKE_TRY_COMPILE.build/Debug/cmTryCompileExec1776765791.build/Objects-normal/x86_64/cmTryCompileExec1776765791_dependency_info.dat -lSystem /Applications/Xcode.app/Contents/Developer/Toolchains/XcodeDefault.xctoolchain/usr/bin/../lib/clang/5.1/lib/darwin/libclang_rt.osx.a ]
  link line: [ "/Applications/Xcode.app/Contents/Developer/Toolchains/XcodeDefault.xctoolchain/usr/bin/ld" -demangle -dynamic -arch x86_64 -macosx_version_min 10.9.0 -syslibroot /Applications/Xcode.app/Contents/Developer/Platforms/MacOSX.platform/Developer/SDKs/MacOSX10.9.sdk -o /Users/robinmalhotra2/Developer/opengl/opengl/opengl_bin/CMakeFiles/CMakeTmp/Debug/cmTryCompileExec1776765791 -filelist /Users/robinmalhotra2/Developer/opengl/opengl/opengl_bin/CMakeFiles/CMakeTmp/CMAKE_TRY_COMPILE.build/Debug/cmTryCompileExec1776765791.build/Objects-normal/x86_64/cmTryCompileExec1776765791.LinkFileList -v -search_paths_first -headerpad_max_install_names -dependency_info /Users/robinmalhotra2/Developer/opengl/opengl/opengl_bin/CMakeFiles/CMakeTmp/CMAKE_TRY_COMPILE.build/Debug/cmTryCompileExec1776765791.build/Objects-normal/x86_64/cmTryCompileExec1776765791_dependency_info.dat -lSystem /Applications/Xcode.app/Contents/Developer/Toolchains/XcodeDefault.xctoolchain/usr/bin/../lib/clang/5.1/lib/darwin/libclang_rt.osx.a ]
    arg [/Applications/Xcode.app/Contents/Developer/Toolchains/XcodeDefault.xctoolchain/usr/bin/ld] ==> ignore
    arg [-demangle] ==> ignore
    arg [-dynamic] ==> ignore
    arg [-arch] ==> ignore
    arg [x86_64] ==> ignore
    arg [-macosx_version_min] ==> ignore
    arg [10.9.0] ==> ignore
    arg [-syslibroot] ==> ignore
    arg [/Applications/Xcode.app/Contents/Developer/Platforms/MacOSX.platform/Developer/SDKs/MacOSX10.9.sdk] ==> ignore
    arg [-o] ==> ignore
    arg [/Users/robinmalhotra2/Developer/opengl/opengl/opengl_bin/CMakeFiles/CMakeTmp/Debug/cmTryCompileExec1776765791] ==> ignore
    arg [-filelist] ==> ignore
    arg [/Users/robinmalhotra2/Developer/opengl/opengl/opengl_bin/CMakeFiles/CMakeTmp/CMAKE_TRY_COMPILE.build/Debug/cmTryCompileExec1776765791.build/Objects-normal/x86_64/cmTryCompileExec1776765791.LinkFileList] ==> ignore
    arg [-v] ==> ignore
    arg [-search_paths_first] ==> ignore
    arg [-headerpad_max_install_names] ==> ignore
    arg [-dependency_info] ==> ignore
    arg [/Users/robinmalhotra2/Developer/opengl/opengl/opengl_bin/CMakeFiles/CMakeTmp/CMAKE_TRY_COMPILE.build/Debug/cmTryCompileExec1776765791.build/Objects-normal/x86_64/cmTryCompileExec1776765791_dependency_info.dat] ==> ignore
    arg [-lSystem] ==> lib [System]
    arg [/Applications/Xcode.app/Contents/Developer/Toolchains/XcodeDefault.xctoolchain/usr/bin/../lib/clang/5.1/lib/darwin/libclang_rt.osx.a] ==> lib [/Applications/Xcode.app/Contents/Developer/Toolchains/XcodeDefault.xctoolchain/usr/bin/../lib/clang/5.1/lib/darwin/libclang_rt.osx.a]
  Library search paths: [;/Users/robinmalhotra2/Developer/opengl/opengl/opengl_bin/CMakeFiles/CMakeTmp/Debug;/Applications/Xcode.app/Contents/Developer/Platforms/MacOSX.platform/Developer/SDKs/MacOSX10.9.sdk/usr/lib]
  Framework search paths: [;/Users/robinmalhotra2/Developer/opengl/opengl/opengl_bin/CMakeFiles/CMakeTmp/Debug;/Applications/Xcode.app/Contents/Developer/Platforms/MacOSX.platform/Developer/SDKs/MacOSX10.9.sdk/System/Library/Frameworks/]
  remove lib [System]
  collapse lib [/Applications/Xcode.app/Contents/Developer/Toolchains/XcodeDefault.xctoolchain/usr/bin/../lib/clang/5.1/lib/darwin/libclang_rt.osx.a] ==> [/Applications/Xcode.app/Contents/Developer/Toolchains/XcodeDefault.xctoolchain/usr/lib/clang/5.1/lib/darwin/libclang_rt.osx.a]
  collapse library dir [/Users/robinmalhotra2/Developer/opengl/opengl/opengl_bin/CMakeFiles/CMakeTmp/Debug] ==> [/Users/robinmalhotra2/Developer/opengl/opengl/opengl_bin/CMakeFiles/CMakeTmp/Debug], skipping non-system directory
  collapse library dir [/Applications/Xcode.app/Contents/Developer/Platforms/MacOSX.platform/Developer/SDKs/MacOSX10.9.sdk/usr/lib] ==> [/Applications/Xcode.app/Contents/Developer/Platforms/MacOSX.platform/Developer/SDKs/MacOSX10.9.sdk/usr/lib]
  collapse framework dir [/Users/robinmalhotra2/Developer/opengl/opengl/opengl_bin/CMakeFiles/CMakeTmp/Debug] ==> [/Users/robinmalhotra2/Developer/opengl/opengl/opengl_bin/CMakeFiles/CMakeTmp/Debug], skipping non-system directory
  collapse framework dir [/Applications/Xcode.app/Contents/Developer/Platforms/MacOSX.platform/Developer/SDKs/MacOSX10.9.sdk/System/Library/Frameworks/] ==> [/Applications/Xcode.app/Contents/Developer/Platforms/MacOSX.platform/Developer/SDKs/MacOSX10.9.sdk/System/Library/Frameworks]
  implicit libs: [/Applications/Xcode.app/Contents/Developer/Toolchains/XcodeDefault.xctoolchain/usr/lib/clang/5.1/lib/darwin/libclang_rt.osx.a]
  implicit dirs: [/Applications/Xcode.app/Contents/Developer/Platforms/MacOSX.platform/Developer/SDKs/MacOSX10.9.sdk/usr/lib]
  implicit fwks: [/Applications/Xcode.app/Contents/Developer/Platforms/MacOSX.platform/Developer/SDKs/MacOSX10.9.sdk/System/Library/Frameworks]


Determining if the CXX compiler works passed with the following output:
Change Dir: /Users/robinmalhotra2/Developer/opengl/opengl/opengl_bin/CMakeFiles/CMakeTmp

Run Build Command:"/Applications/CMake.app/Contents/bin/cmakexbuild" "-project" "CMAKE_TRY_COMPILE.xcodeproj" "build" "-target" "cmTryCompileExec4198164479" "-configuration" "Debug"
=== BUILD TARGET cmTryCompileExec4198164479 OF PROJECT CMAKE_TRY_COMPILE WITH CONFIGURATION Debug ===

Check dependencies

Write auxiliary files
/bin/mkdir -p /Users/robinmalhotra2/Developer/opengl/opengl/opengl_bin/CMakeFiles/CMakeTmp/CMAKE_TRY_COMPILE.build/Debug/cmTryCompileExec4198164479.build/Objects-normal/x86_64
write-file /Users/robinmalhotra2/Developer/opengl/opengl/opengl_bin/CMakeFiles/CMakeTmp/CMAKE_TRY_COMPILE.build/Debug/cmTryCompileExec4198164479.build/Objects-normal/x86_64/cmTryCompileExec4198164479.LinkFileList

CompileC CMAKE_TRY_COMPILE.build/Debug/cmTryCompileExec4198164479.build/Objects-normal/x86_64/testCXXCompiler.o testCXXCompiler.cxx normal x86_64 c++ com.apple.compilers.llvm.clang.1_0.compiler
    cd /Users/robinmalhotra2/Developer/opengl/opengl/opengl_bin/CMakeFiles/CMakeTmp
    export LANG=en_US.US-ASCII
    /Applications/Xcode.app/Contents/Developer/Toolchains/XcodeDefault.xctoolchain/usr/bin/clang -x c++ -arch x86_64 -fmessage-length=0 -fdiagnostics-show-note-include-stack -fmacro-backtrace-limit=0 -Wno-trigraphs -fpascal-strings -O0 -Wno-missing-field-initializers -Wno-missing-prototypes -Wno-return-type -Wno-non-virtual-dtor -Wno-overloaded-virtual -Wno-exit-time-destructors -Wno-missing-braces -Wparentheses -Wswitch -Wno-unused-function -Wno-unused-label -Wno-unused-parameter -Wno-unused-variable -Wunused-value -Wno-empty-body -Wno-uninitialized -Wno-unknown-pragmas -Wno-shadow -Wno-four-char-constants -Wno-conversion -Wno-constant-conversion -Wno-int-conversion -Wno-bool-conversion -Wno-enum-conversion -Wno-shorten-64-to-32 -Wno-newline-eof -Wno-c++11-extensions -DCMAKE_INTDIR=\"Debug\" -isysroot /Applications/Xcode.app/Contents/Developer/Platforms/MacOSX.platform/Developer/SDKs/MacOSX10.9.sdk -fasm-blocks -fstrict-aliasing -Wdeprecated-declarations -Winvalid-offsetof -mmacosx-version-min=10.9 -Wno-sign-conversion -I/Users/robinmalhotra2/Developer/opengl/opengl/opengl_bin/CMakeFiles/CMakeTmp/Debug/include -I/Applications/Xcode.app/Contents/Developer/Toolchains/XcodeDefault.xctoolchain/usr/include -I/Users/robinmalhotra2/Developer/opengl/opengl/opengl_bin/CMakeFiles/CMakeTmp/CMAKE_TRY_COMPILE.build/Debug/cmTryCompileExec4198164479.build/DerivedSources/x86_64 -I/Users/robinmalhotra2/Developer/opengl/opengl/opengl_bin/CMakeFiles/CMakeTmp/CMAKE_TRY_COMPILE.build/Debug/cmTryCompileExec4198164479.build/DerivedSources -Wmost -Wno-four-char-constants -Wno-unknown-pragmas -F/Users/robinmalhotra2/Developer/opengl/opengl/opengl_bin/CMakeFiles/CMakeTmp/Debug -g -MMD -MT dependencies -MF /Users/robinmalhotra2/Developer/opengl/opengl/opengl_bin/CMakeFiles/CMakeTmp/CMAKE_TRY_COMPILE.build/Debug/cmTryCompileExec4198164479.build/Objects-normal/x86_64/testCXXCompiler.d --serialize-diagnostics /Users/robinmalhotra2/Developer/opengl/opengl/opengl_bin/CMakeFiles/CMakeTmp/CMAKE_TRY_COMPILE.build/Debug/cmTryCompileExec4198164479.build/Objects-normal/x86_64/testCXXCompiler.dia -c /Users/robinmalhotra2/Developer/opengl/opengl/opengl_bin/CMakeFiles/CMakeTmp/testCXXCompiler.cxx -o /Users/robinmalhotra2/Developer/opengl/opengl/opengl_bin/CMakeFiles/CMakeTmp/CMAKE_TRY_COMPILE.build/Debug/cmTryCompileExec4198164479.build/Objects-normal/x86_64/testCXXCompiler.o

Ld Debug/cmTryCompileExec4198164479 normal x86_64
    cd /Users/robinmalhotra2/Developer/opengl/opengl/opengl_bin/CMakeFiles/CMakeTmp
    export MACOSX_DEPLOYMENT_TARGET=10.9
    /Applications/Xcode.app/Contents/Developer/Toolchains/XcodeDefault.xctoolchain/usr/bin/clang++ -arch x86_64 -isysroot /Applications/Xcode.app/Contents/Developer/Platforms/MacOSX.platform/Developer/SDKs/MacOSX10.9.sdk -L/Users/robinmalhotra2/Developer/opengl/opengl/opengl_bin/CMakeFiles/CMakeTmp/Debug -F/Users/robinmalhotra2/Developer/opengl/opengl/opengl_bin/CMakeFiles/CMakeTmp/Debug -filelist /Users/robinmalhotra2/Developer/opengl/opengl/opengl_bin/CMakeFiles/CMakeTmp/CMAKE_TRY_COMPILE.build/Debug/cmTryCompileExec4198164479.build/Objects-normal/x86_64/cmTryCompileExec4198164479.LinkFileList -mmacosx-version-min=10.9 -Wl,-search_paths_first -Wl,-headerpad_max_install_names -Xlinker -dependency_info -Xlinker /Users/robinmalhotra2/Developer/opengl/opengl/opengl_bin/CMakeFiles/CMakeTmp/CMAKE_TRY_COMPILE.build/Debug/cmTryCompileExec4198164479.build/Objects-normal/x86_64/cmTryCompileExec4198164479_dependency_info.dat -o /Users/robinmalhotra2/Developer/opengl/opengl/opengl_bin/CMakeFiles/CMakeTmp/Debug/cmTryCompileExec4198164479

** BUILD SUCCEEDED **



Detecting CXX compiler ABI info compiled with the following output:
Change Dir: /Users/robinmalhotra2/Developer/opengl/opengl/opengl_bin/CMakeFiles/CMakeTmp

Run Build Command:"/Applications/CMake.app/Contents/bin/cmakexbuild" "-project" "CMAKE_TRY_COMPILE.xcodeproj" "build" "-target" "cmTryCompileExec4265495597" "-configuration" "Debug"
=== BUILD TARGET cmTryCompileExec4265495597 OF PROJECT CMAKE_TRY_COMPILE WITH CONFIGURATION Debug ===

Check dependencies

Write auxiliary files
/bin/mkdir -p /Users/robinmalhotra2/Developer/opengl/opengl/opengl_bin/CMakeFiles/CMakeTmp/CMAKE_TRY_COMPILE.build/Debug/cmTryCompileExec4265495597.build/Objects-normal/x86_64
write-file /Users/robinmalhotra2/Developer/opengl/opengl/opengl_bin/CMakeFiles/CMakeTmp/CMAKE_TRY_COMPILE.build/Debug/cmTryCompileExec4265495597.build/Objects-normal/x86_64/cmTryCompileExec4265495597.LinkFileList

CompileC CMAKE_TRY_COMPILE.build/Debug/cmTryCompileExec4265495597.build/Objects-normal/x86_64/CMakeCXXCompilerABI.o /Applications/CMake.app/Contents/share/cmake-3.0/Modules/CMakeCXXCompilerABI.cpp normal x86_64 c++ com.apple.compilers.llvm.clang.1_0.compiler
    cd /Users/robinmalhotra2/Developer/opengl/opengl/opengl_bin/CMakeFiles/CMakeTmp
    export LANG=en_US.US-ASCII
    /Applications/Xcode.app/Contents/Developer/Toolchains/XcodeDefault.xctoolchain/usr/bin/clang -x c++ -arch x86_64 -fmessage-length=0 -fdiagnostics-show-note-include-stack -fmacro-backtrace-limit=0 -Wno-trigraphs -fpascal-strings -O0 -Wno-missing-field-initializers -Wno-missing-prototypes -Wno-return-type -Wno-non-virtual-dtor -Wno-overloaded-virtual -Wno-exit-time-destructors -Wno-missing-braces -Wparentheses -Wswitch -Wno-unused-function -Wno-unused-label -Wno-unused-parameter -Wno-unused-variable -Wunused-value -Wno-empty-body -Wno-uninitialized -Wno-unknown-pragmas -Wno-shadow -Wno-four-char-constants -Wno-conversion -Wno-constant-conversion -Wno-int-conversion -Wno-bool-conversion -Wno-enum-conversion -Wno-shorten-64-to-32 -Wno-newline-eof -Wno-c++11-extensions -DCMAKE_INTDIR=\"Debug\" -isysroot /Applications/Xcode.app/Contents/Developer/Platforms/MacOSX.platform/Developer/SDKs/MacOSX10.9.sdk -fasm-blocks -fstrict-aliasing -Wdeprecated-declarations -Winvalid-offsetof -mmacosx-version-min=10.9 -Wno-sign-conversion -I/Users/robinmalhotra2/Developer/opengl/opengl/opengl_bin/CMakeFiles/CMakeTmp/Debug/include -I/Applications/Xcode.app/Contents/Developer/Toolchains/XcodeDefault.xctoolchain/usr/include -I/Users/robinmalhotra2/Developer/opengl/opengl/opengl_bin/CMakeFiles/CMakeTmp/CMAKE_TRY_COMPILE.build/Debug/cmTryCompileExec4265495597.build/DerivedSources/x86_64 -I/Users/robinmalhotra2/Developer/opengl/opengl/opengl_bin/CMakeFiles/CMakeTmp/CMAKE_TRY_COMPILE.build/Debug/cmTryCompileExec4265495597.build/DerivedSources -Wmost -Wno-four-char-constants -Wno-unknown-pragmas -F/Users/robinmalhotra2/Developer/opengl/opengl/opengl_bin/CMakeFiles/CMakeTmp/Debug -g -MMD -MT dependencies -MF /Users/robinmalhotra2/Developer/opengl/opengl/opengl_bin/CMakeFiles/CMakeTmp/CMAKE_TRY_COMPILE.build/Debug/cmTryCompileExec4265495597.build/Objects-normal/x86_64/CMakeCXXCompilerABI.d --serialize-diagnostics /Users/robinmalhotra2/Developer/opengl/opengl/opengl_bin/CMakeFiles/CMakeTmp/CMAKE_TRY_COMPILE.build/Debug/cmTryCompileExec4265495597.build/Objects-normal/x86_64/CMakeCXXCompilerABI.dia -c /Applications/CMake.app/Contents/share/cmake-3.0/Modules/CMakeCXXCompilerABI.cpp -o /Users/robinmalhotra2/Developer/opengl/opengl/opengl_bin/CMakeFiles/CMakeTmp/CMAKE_TRY_COMPILE.build/Debug/cmTryCompileExec4265495597.build/Objects-normal/x86_64/CMakeCXXCompilerABI.o

Ld Debug/cmTryCompileExec4265495597 normal x86_64
    cd /Users/robinmalhotra2/Developer/opengl/opengl/opengl_bin/CMakeFiles/CMakeTmp
    export MACOSX_DEPLOYMENT_TARGET=10.9
    /Applications/Xcode.app/Contents/Developer/Toolchains/XcodeDefault.xctoolchain/usr/bin/clang++ -arch x86_64 -isysroot /Applications/Xcode.app/Contents/Developer/Platforms/MacOSX.platform/Developer/SDKs/MacOSX10.9.sdk -L/Users/robinmalhotra2/Developer/opengl/opengl/opengl_bin/CMakeFiles/CMakeTmp/Debug -F/Users/robinmalhotra2/Developer/opengl/opengl/opengl_bin/CMakeFiles/CMakeTmp/Debug -filelist /Users/robinmalhotra2/Developer/opengl/opengl/opengl_bin/CMakeFiles/CMakeTmp/CMAKE_TRY_COMPILE.build/Debug/cmTryCompileExec4265495597.build/Objects-normal/x86_64/cmTryCompileExec4265495597.LinkFileList -mmacosx-version-min=10.9 -v -Wl,-v -Wl,-search_paths_first -Wl,-headerpad_max_install_names -Xlinker -dependency_info -Xlinker /Users/robinmalhotra2/Developer/opengl/opengl/opengl_bin/CMakeFiles/CMakeTmp/CMAKE_TRY_COMPILE.build/Debug/cmTryCompileExec4265495597.build/Objects-normal/x86_64/cmTryCompileExec4265495597_dependency_info.dat -o /Users/robinmalhotra2/Developer/opengl/opengl/opengl_bin/CMakeFiles/CMakeTmp/Debug/cmTryCompileExec4265495597
Apple LLVM version 5.1 (clang-503.0.40) (based on LLVM 3.4svn)
Target: x86_64-apple-darwin13.3.0
Thread model: posix
 "/Applications/Xcode.app/Contents/Developer/Toolchains/XcodeDefault.xctoolchain/usr/bin/ld" -demangle -dynamic -arch x86_64 -macosx_version_min 10.9.0 -syslibroot /Applications/Xcode.app/Contents/Developer/Platforms/MacOSX.platform/Developer/SDKs/MacOSX10.9.sdk -o /Users/robinmalhotra2/Developer/opengl/opengl/opengl_bin/CMakeFiles/CMakeTmp/Debug/cmTryCompileExec4265495597 -L/Users/robinmalhotra2/Developer/opengl/opengl/opengl_bin/CMakeFiles/CMakeTmp/Debug -filelist /Users/robinmalhotra2/Developer/opengl/opengl/opengl_bin/CMakeFiles/CMakeTmp/CMAKE_TRY_COMPILE.build/Debug/cmTryCompileExec4265495597.build/Objects-normal/x86_64/cmTryCompileExec4265495597.LinkFileList -v -search_paths_first -headerpad_max_install_names -dependency_info /Users/robinmalhotra2/Developer/opengl/opengl/opengl_bin/CMakeFiles/CMakeTmp/CMAKE_TRY_COMPILE.build/Debug/cmTryCompileExec4265495597.build/Objects-normal/x86_64/cmTryCompileExec4265495597_dependency_info.dat -lc++ -lSystem /Applications/Xcode.app/Contents/Developer/Toolchains/XcodeDefault.xctoolchain/usr/bin/../lib/clang/5.1/lib/darwin/libclang_rt.osx.a -F/Users/robinmalhotra2/Developer/opengl/opengl/opengl_bin/CMakeFiles/CMakeTmp/Debug
@(#)PROGRAM:ld  PROJECT:ld64-236.4
configured to support archs: armv6 armv7 armv7s arm64 i386 x86_64 armv6m armv7m armv7em
Library search paths:
	/Users/robinmalhotra2/Developer/opengl/opengl/opengl_bin/CMakeFiles/CMakeTmp/Debug
	/Applications/Xcode.app/Contents/Developer/Platforms/MacOSX.platform/Developer/SDKs/MacOSX10.9.sdk/usr/lib
Framework search paths:
	/Users/robinmalhotra2/Developer/opengl/opengl/opengl_bin/CMakeFiles/CMakeTmp/Debug
	/Applications/Xcode.app/Contents/Developer/Platforms/MacOSX.platform/Developer/SDKs/MacOSX10.9.sdk/System/Library/Frameworks/

** BUILD SUCCEEDED **



Parsed CXX implicit link information from above output:
  link line regex: [^( *|.*[/\])(ld|([^/\]+-)?ld|collect2)[^/\]*( |$)]
  ignore line: [Change Dir: /Users/robinmalhotra2/Developer/opengl/opengl/opengl_bin/CMakeFiles/CMakeTmp]
  ignore line: []
  ignore line: [Run Build Command:"/Applications/CMake.app/Contents/bin/cmakexbuild" "-project" "CMAKE_TRY_COMPILE.xcodeproj" "build" "-target" "cmTryCompileExec4265495597" "-configuration" "Debug"]
  ignore line: [=== BUILD TARGET cmTryCompileExec4265495597 OF PROJECT CMAKE_TRY_COMPILE WITH CONFIGURATION Debug ===]
  ignore line: []
  ignore line: [Check dependencies]
  ignore line: []
  ignore line: [Write auxiliary files]
  ignore line: [/bin/mkdir -p /Users/robinmalhotra2/Developer/opengl/opengl/opengl_bin/CMakeFiles/CMakeTmp/CMAKE_TRY_COMPILE.build/Debug/cmTryCompileExec4265495597.build/Objects-normal/x86_64]
  ignore line: [write-file /Users/robinmalhotra2/Developer/opengl/opengl/opengl_bin/CMakeFiles/CMakeTmp/CMAKE_TRY_COMPILE.build/Debug/cmTryCompileExec4265495597.build/Objects-normal/x86_64/cmTryCompileExec4265495597.LinkFileList]
  ignore line: []
  ignore line: [CompileC CMAKE_TRY_COMPILE.build/Debug/cmTryCompileExec4265495597.build/Objects-normal/x86_64/CMakeCXXCompilerABI.o /Applications/CMake.app/Contents/share/cmake-3.0/Modules/CMakeCXXCompilerABI.cpp normal x86_64 c++ com.apple.compilers.llvm.clang.1_0.compiler]
  ignore line: [    cd /Users/robinmalhotra2/Developer/opengl/opengl/opengl_bin/CMakeFiles/CMakeTmp]
  ignore line: [    export LANG=en_US.US-ASCII]
  ignore line: [    /Applications/Xcode.app/Contents/Developer/Toolchains/XcodeDefault.xctoolchain/usr/bin/clang -x c++ -arch x86_64 -fmessage-length=0 -fdiagnostics-show-note-include-stack -fmacro-backtrace-limit=0 -Wno-trigraphs -fpascal-strings -O0 -Wno-missing-field-initializers -Wno-missing-prototypes -Wno-return-type -Wno-non-virtual-dtor -Wno-overloaded-virtual -Wno-exit-time-destructors -Wno-missing-braces -Wparentheses -Wswitch -Wno-unused-function -Wno-unused-label -Wno-unused-parameter -Wno-unused-variable -Wunused-value -Wno-empty-body -Wno-uninitialized -Wno-unknown-pragmas -Wno-shadow -Wno-four-char-constants -Wno-conversion -Wno-constant-conversion -Wno-int-conversion -Wno-bool-conversion -Wno-enum-conversion -Wno-shorten-64-to-32 -Wno-newline-eof -Wno-c++11-extensions -DCMAKE_INTDIR=\"Debug\" -isysroot /Applications/Xcode.app/Contents/Developer/Platforms/MacOSX.platform/Developer/SDKs/MacOSX10.9.sdk -fasm-blocks -fstrict-aliasing -Wdeprecated-declarations -Winvalid-offsetof -mmacosx-version-min=10.9 -Wno-sign-conversion -I/Users/robinmalhotra2/Developer/opengl/opengl/opengl_bin/CMakeFiles/CMakeTmp/Debug/include -I/Applications/Xcode.app/Contents/Developer/Toolchains/XcodeDefault.xctoolchain/usr/include -I/Users/robinmalhotra2/Developer/opengl/opengl/opengl_bin/CMakeFiles/CMakeTmp/CMAKE_TRY_COMPILE.build/Debug/cmTryCompileExec4265495597.build/DerivedSources/x86_64 -I/Users/robinmalhotra2/Developer/opengl/opengl/opengl_bin/CMakeFiles/CMakeTmp/CMAKE_TRY_COMPILE.build/Debug/cmTryCompileExec4265495597.build/DerivedSources -Wmost -Wno-four-char-constants -Wno-unknown-pragmas -F/Users/robinmalhotra2/Developer/opengl/opengl/opengl_bin/CMakeFiles/CMakeTmp/Debug -g -MMD -MT dependencies -MF /Users/robinmalhotra2/Developer/opengl/opengl/opengl_bin/CMakeFiles/CMakeTmp/CMAKE_TRY_COMPILE.build/Debug/cmTryCompileExec4265495597.build/Objects-normal/x86_64/CMakeCXXCompilerABI.d --serialize-diagnostics /Users/robinmalhotra2/Developer/opengl/opengl/opengl_bin/CMakeFiles/CMakeTmp/CMAKE_TRY_COMPILE.build/Debug/cmTryCompileExec4265495597.build/Objects-normal/x86_64/CMakeCXXCompilerABI.dia -c /Applications/CMake.app/Contents/share/cmake-3.0/Modules/CMakeCXXCompilerABI.cpp -o /Users/robinmalhotra2/Developer/opengl/opengl/opengl_bin/CMakeFiles/CMakeTmp/CMAKE_TRY_COMPILE.build/Debug/cmTryCompileExec4265495597.build/Objects-normal/x86_64/CMakeCXXCompilerABI.o]
  ignore line: []
  ignore line: [Ld Debug/cmTryCompileExec4265495597 normal x86_64]
  ignore line: [    cd /Users/robinmalhotra2/Developer/opengl/opengl/opengl_bin/CMakeFiles/CMakeTmp]
  ignore line: [    export MACOSX_DEPLOYMENT_TARGET=10.9]
  ignore line: [    /Applications/Xcode.app/Contents/Developer/Toolchains/XcodeDefault.xctoolchain/usr/bin/clang++ -arch x86_64 -isysroot /Applications/Xcode.app/Contents/Developer/Platforms/MacOSX.platform/Developer/SDKs/MacOSX10.9.sdk -L/Users/robinmalhotra2/Developer/opengl/opengl/opengl_bin/CMakeFiles/CMakeTmp/Debug -F/Users/robinmalhotra2/Developer/opengl/opengl/opengl_bin/CMakeFiles/CMakeTmp/Debug -filelist /Users/robinmalhotra2/Developer/opengl/opengl/opengl_bin/CMakeFiles/CMakeTmp/CMAKE_TRY_COMPILE.build/Debug/cmTryCompileExec4265495597.build/Objects-normal/x86_64/cmTryCompileExec4265495597.LinkFileList -mmacosx-version-min=10.9 -v -Wl,-v -Wl,-search_paths_first -Wl,-headerpad_max_install_names -Xlinker -dependency_info -Xlinker /Users/robinmalhotra2/Developer/opengl/opengl/opengl_bin/CMakeFiles/CMakeTmp/CMAKE_TRY_COMPILE.build/Debug/cmTryCompileExec4265495597.build/Objects-normal/x86_64/cmTryCompileExec4265495597_dependency_info.dat -o /Users/robinmalhotra2/Developer/opengl/opengl/opengl_bin/CMakeFiles/CMakeTmp/Debug/cmTryCompileExec4265495597]
  ignore line: [Apple LLVM version 5.1 (clang-503.0.40) (based on LLVM 3.4svn)]
  ignore line: [Target: x86_64-apple-darwin13.3.0]
  ignore line: [Thread model: posix]
  reduced line: [ "/Applications/Xcode.app/Contents/Developer/Toolchains/XcodeDefault.xctoolchain/usr/bin/ld" -demangle -dynamic -arch x86_64 -macosx_version_min 10.9.0 -syslibroot /Applications/Xcode.app/Contents/Developer/Platforms/MacOSX.platform/Developer/SDKs/MacOSX10.9.sdk -o /Users/robinmalhotra2/Developer/opengl/opengl/opengl_bin/CMakeFiles/CMakeTmp/Debug/cmTryCompileExec4265495597 -L/Users/robinmalhotra2/Developer/opengl/opengl/opengl_bin/CMakeFiles/CMakeTmp/Debug -filelist /Users/robinmalhotra2/Developer/opengl/opengl/opengl_bin/CMakeFiles/CMakeTmp/CMAKE_TRY_COMPILE.build/Debug/cmTryCompileExec4265495597.build/Objects-normal/x86_64/cmTryCompileExec4265495597.LinkFileList -v -search_paths_first -headerpad_max_install_names -dependency_info /Users/robinmalhotra2/Developer/opengl/opengl/opengl_bin/CMakeFiles/CMakeTmp/CMAKE_TRY_COMPILE.build/Debug/cmTryCompileExec4265495597.build/Objects-normal/x86_64/cmTryCompileExec4265495597_dependency_info.dat -lc++ -lSystem /Applications/Xcode.app/Contents/Developer/Toolchains/XcodeDefault.xctoolchain/usr/bin/../lib/clang/5.1/lib/darwin/libclang_rt.osx.a -F/Users/robinmalhotra2/Developer/opengl/opengl/opengl_bin/CMakeFiles/CMakeTmp/Debug]
            to: [ "/Applications/Xcode.app/Contents/Developer/Toolchains/XcodeDefault.xctoolchain/usr/bin/ld" -demangle -dynamic -arch x86_64 -macosx_version_min 10.9.0 -syslibroot /Applications/Xcode.app/Contents/Developer/Platforms/MacOSX.platform/Developer/SDKs/MacOSX10.9.sdk -o /Users/robinmalhotra2/Developer/opengl/opengl/opengl_bin/CMakeFiles/CMakeTmp/Debug/cmTryCompileExec4265495597 -filelist /Users/robinmalhotra2/Developer/opengl/opengl/opengl_bin/CMakeFiles/CMakeTmp/CMAKE_TRY_COMPILE.build/Debug/cmTryCompileExec4265495597.build/Objects-normal/x86_64/cmTryCompileExec4265495597.LinkFileList -v -search_paths_first -headerpad_max_install_names -dependency_info /Users/robinmalhotra2/Developer/opengl/opengl/opengl_bin/CMakeFiles/CMakeTmp/CMAKE_TRY_COMPILE.build/Debug/cmTryCompileExec4265495597.build/Objects-normal/x86_64/cmTryCompileExec4265495597_dependency_info.dat -lc++ -lSystem /Applications/Xcode.app/Contents/Developer/Toolchains/XcodeDefault.xctoolchain/usr/bin/../lib/clang/5.1/lib/darwin/libclang_rt.osx.a ]
  link line: [ "/Applications/Xcode.app/Contents/Developer/Toolchains/XcodeDefault.xctoolchain/usr/bin/ld" -demangle -dynamic -arch x86_64 -macosx_version_min 10.9.0 -syslibroot /Applications/Xcode.app/Contents/Developer/Platforms/MacOSX.platform/Developer/SDKs/MacOSX10.9.sdk -o /Users/robinmalhotra2/Developer/opengl/opengl/opengl_bin/CMakeFiles/CMakeTmp/Debug/cmTryCompileExec4265495597 -filelist /Users/robinmalhotra2/Developer/opengl/opengl/opengl_bin/CMakeFiles/CMakeTmp/CMAKE_TRY_COMPILE.build/Debug/cmTryCompileExec4265495597.build/Objects-normal/x86_64/cmTryCompileExec4265495597.LinkFileList -v -search_paths_first -headerpad_max_install_names -dependency_info /Users/robinmalhotra2/Developer/opengl/opengl/opengl_bin/CMakeFiles/CMakeTmp/CMAKE_TRY_COMPILE.build/Debug/cmTryCompileExec4265495597.build/Objects-normal/x86_64/cmTryCompileExec4265495597_dependency_info.dat -lc++ -lSystem /Applications/Xcode.app/Contents/Developer/Toolchains/XcodeDefault.xctoolchain/usr/bin/../lib/clang/5.1/lib/darwin/libclang_rt.osx.a ]
    arg [/Applications/Xcode.app/Contents/Developer/Toolchains/XcodeDefault.xctoolchain/usr/bin/ld] ==> ignore
    arg [-demangle] ==> ignore
    arg [-dynamic] ==> ignore
    arg [-arch] ==> ignore
    arg [x86_64] ==> ignore
    arg [-macosx_version_min] ==> ignore
    arg [10.9.0] ==> ignore
    arg [-syslibroot] ==> ignore
    arg [/Applications/Xcode.app/Contents/Developer/Platforms/MacOSX.platform/Developer/SDKs/MacOSX10.9.sdk] ==> ignore
    arg [-o] ==> ignore
    arg [/Users/robinmalhotra2/Developer/opengl/opengl/opengl_bin/CMakeFiles/CMakeTmp/Debug/cmTryCompileExec4265495597] ==> ignore
    arg [-filelist] ==> ignore
    arg [/Users/robinmalhotra2/Developer/opengl/opengl/opengl_bin/CMakeFiles/CMakeTmp/CMAKE_TRY_COMPILE.build/Debug/cmTryCompileExec4265495597.build/Objects-normal/x86_64/cmTryCompileExec4265495597.LinkFileList] ==> ignore
    arg [-v] ==> ignore
    arg [-search_paths_first] ==> ignore
    arg [-headerpad_max_install_names] ==> ignore
    arg [-dependency_info] ==> ignore
    arg [/Users/robinmalhotra2/Developer/opengl/opengl/opengl_bin/CMakeFiles/CMakeTmp/CMAKE_TRY_COMPILE.build/Debug/cmTryCompileExec4265495597.build/Objects-normal/x86_64/cmTryCompileExec4265495597_dependency_info.dat] ==> ignore
    arg [-lc++] ==> lib [c++]
    arg [-lSystem] ==> lib [System]
    arg [/Applications/Xcode.app/Contents/Developer/Toolchains/XcodeDefault.xctoolchain/usr/bin/../lib/clang/5.1/lib/darwin/libclang_rt.osx.a] ==> lib [/Applications/Xcode.app/Contents/Developer/Toolchains/XcodeDefault.xctoolchain/usr/bin/../lib/clang/5.1/lib/darwin/libclang_rt.osx.a]
  Library search paths: [;/Users/robinmalhotra2/Developer/opengl/opengl/opengl_bin/CMakeFiles/CMakeTmp/Debug;/Applications/Xcode.app/Contents/Developer/Platforms/MacOSX.platform/Developer/SDKs/MacOSX10.9.sdk/usr/lib]
  Framework search paths: [;/Users/robinmalhotra2/Developer/opengl/opengl/opengl_bin/CMakeFiles/CMakeTmp/Debug;/Applications/Xcode.app/Contents/Developer/Platforms/MacOSX.platform/Developer/SDKs/MacOSX10.9.sdk/System/Library/Frameworks/]
  remove lib [System]
  collapse lib [/Applications/Xcode.app/Contents/Developer/Toolchains/XcodeDefault.xctoolchain/usr/bin/../lib/clang/5.1/lib/darwin/libclang_rt.osx.a] ==> [/Applications/Xcode.app/Contents/Developer/Toolchains/XcodeDefault.xctoolchain/usr/lib/clang/5.1/lib/darwin/libclang_rt.osx.a]
  collapse library dir [/Users/robinmalhotra2/Developer/opengl/opengl/opengl_bin/CMakeFiles/CMakeTmp/Debug] ==> [/Users/robinmalhotra2/Developer/opengl/opengl/opengl_bin/CMakeFiles/CMakeTmp/Debug], skipping non-system directory
  collapse library dir [/Applications/Xcode.app/Contents/Developer/Platforms/MacOSX.platform/Developer/SDKs/MacOSX10.9.sdk/usr/lib] ==> [/Applications/Xcode.app/Contents/Developer/Platforms/MacOSX.platform/Developer/SDKs/MacOSX10.9.sdk/usr/lib]
  collapse framework dir [/Users/robinmalhotra2/Developer/opengl/opengl/opengl_bin/CMakeFiles/CMakeTmp/Debug] ==> [/Users/robinmalhotra2/Developer/opengl/opengl/opengl_bin/CMakeFiles/CMakeTmp/Debug], skipping non-system directory
  collapse framework dir [/Applications/Xcode.app/Contents/Developer/Platforms/MacOSX.platform/Developer/SDKs/MacOSX10.9.sdk/System/Library/Frameworks/] ==> [/Applications/Xcode.app/Contents/Developer/Platforms/MacOSX.platform/Developer/SDKs/MacOSX10.9.sdk/System/Library/Frameworks]
  implicit libs: [c++;/Applications/Xcode.app/Contents/Developer/Toolchains/XcodeDefault.xctoolchain/usr/lib/clang/5.1/lib/darwin/libclang_rt.osx.a]
  implicit dirs: [/Applications/Xcode.app/Contents/Developer/Platforms/MacOSX.platform/Developer/SDKs/MacOSX10.9.sdk/usr/lib]
  implicit fwks: [/Applications/Xcode.app/Contents/Developer/Platforms/MacOSX.platform/Developer/SDKs/MacOSX10.9.sdk/System/Library/Frameworks]


Determining if files pthread.h exist passed with the following output:
Change Dir: /Users/robinmalhotra2/Developer/opengl/opengl/opengl_bin/CMakeFiles/CMakeTmp

Run Build Command:"/Applications/CMake.app/Contents/bin/cmakexbuild" "-project" "CMAKE_TRY_COMPILE.xcodeproj" "build" "-target" "cmTryCompileExec401716713" "-configuration" "Debug"
=== BUILD TARGET cmTryCompileExec401716713 OF PROJECT CMAKE_TRY_COMPILE WITH CONFIGURATION Debug ===

Check dependencies

Write auxiliary files
/bin/mkdir -p /Users/robinmalhotra2/Developer/opengl/opengl/opengl_bin/CMakeFiles/CMakeTmp/CMAKE_TRY_COMPILE.build/Debug/cmTryCompileExec401716713.build/Objects-normal/x86_64
write-file /Users/robinmalhotra2/Developer/opengl/opengl/opengl_bin/CMakeFiles/CMakeTmp/CMAKE_TRY_COMPILE.build/Debug/cmTryCompileExec401716713.build/Objects-normal/x86_64/cmTryCompileExec401716713.LinkFileList

CompileC CMAKE_TRY_COMPILE.build/Debug/cmTryCompileExec401716713.build/Objects-normal/x86_64/CheckIncludeFiles.o CheckIncludeFiles.c normal x86_64 c com.apple.compilers.llvm.clang.1_0.compiler
    cd /Users/robinmalhotra2/Developer/opengl/opengl/opengl_bin/CMakeFiles/CMakeTmp
    export LANG=en_US.US-ASCII
    /Applications/Xcode.app/Contents/Developer/Toolchains/XcodeDefault.xctoolchain/usr/bin/clang -x c -arch x86_64 -fmessage-length=0 -fdiagnostics-show-note-include-stack -fmacro-backtrace-limit=0 -Wno-trigraphs -fpascal-strings -O0 -Wno-missing-field-initializers -Wno-missing-prototypes -Wno-return-type -Wno-missing-braces -Wparentheses -Wswitch -Wno-unused-function -Wno-unused-label -Wno-unused-parameter -Wno-unused-variable -Wunused-value -Wno-empty-body -Wno-uninitialized -Wno-unknown-pragmas -Wno-shadow -Wno-four-char-constants -Wno-conversion -Wno-constant-conversion -Wno-int-conversion -Wno-bool-conversion -Wno-enum-conversion -Wno-shorten-64-to-32 -Wpointer-sign -Wno-newline-eof -DCMAKE_INTDIR=\"Debug\" -isysroot /Applications/Xcode.app/Contents/Developer/Platforms/MacOSX.platform/Developer/SDKs/MacOSX10.9.sdk -fasm-blocks -fstrict-aliasing -Wdeprecated-declarations -mmacosx-version-min=10.9 -g -Wno-sign-conversion -I/Users/robinmalhotra2/Developer/opengl/opengl/opengl_bin/CMakeFiles/CMakeTmp/Debug/include -I/Applications/Xcode.app/Contents/Developer/Toolchains/XcodeDefault.xctoolchain/usr/include -I/Users/robinmalhotra2/Developer/opengl/opengl/opengl_bin/CMakeFiles/CMakeTmp/CMAKE_TRY_COMPILE.build/Debug/cmTryCompileExec401716713.build/DerivedSources/x86_64 -I/Users/robinmalhotra2/Developer/opengl/opengl/opengl_bin/CMakeFiles/CMakeTmp/CMAKE_TRY_COMPILE.build/Debug/cmTryCompileExec401716713.build/DerivedSources -Wmost -Wno-four-char-constants -Wno-unknown-pragmas -F/Users/robinmalhotra2/Developer/opengl/opengl/opengl_bin/CMakeFiles/CMakeTmp/Debug -MMD -MT dependencies -MF /Users/robinmalhotra2/Developer/opengl/opengl/opengl_bin/CMakeFiles/CMakeTmp/CMAKE_TRY_COMPILE.build/Debug/cmTryCompileExec401716713.build/Objects-normal/x86_64/CheckIncludeFiles.d --serialize-diagnostics /Users/robinmalhotra2/Developer/opengl/opengl/opengl_bin/CMakeFiles/CMakeTmp/CMAKE_TRY_COMPILE.build/Debug/cmTryCompileExec401716713.build/Objects-normal/x86_64/CheckIncludeFiles.dia -c /Users/robinmalhotra2/Developer/opengl/opengl/opengl_bin/CMakeFiles/CMakeTmp/CheckIncludeFiles.c -o /Users/robinmalhotra2/Developer/opengl/opengl/opengl_bin/CMakeFiles/CMakeTmp/CMAKE_TRY_COMPILE.build/Debug/cmTryCompileExec401716713.build/Objects-normal/x86_64/CheckIncludeFiles.o

Ld Debug/cmTryCompileExec401716713 normal x86_64
    cd /Users/robinmalhotra2/Developer/opengl/opengl/opengl_bin/CMakeFiles/CMakeTmp
    export MACOSX_DEPLOYMENT_TARGET=10.9
    /Applications/Xcode.app/Contents/Developer/Toolchains/XcodeDefault.xctoolchain/usr/bin/clang -arch x86_64 -isysroot /Applications/Xcode.app/Contents/Developer/Platforms/MacOSX.platform/Developer/SDKs/MacOSX10.9.sdk -L/Users/robinmalhotra2/Developer/opengl/opengl/opengl_bin/CMakeFiles/CMakeTmp/Debug -F/Users/robinmalhotra2/Developer/opengl/opengl/opengl_bin/CMakeFiles/CMakeTmp/Debug -filelist /Users/robinmalhotra2/Developer/opengl/opengl/opengl_bin/CMakeFiles/CMakeTmp/CMAKE_TRY_COMPILE.build/Debug/cmTryCompileExec401716713.build/Objects-normal/x86_64/cmTryCompileExec401716713.LinkFileList -mmacosx-version-min=10.9 -Wl,-search_paths_first -Wl,-headerpad_max_install_names -Xlinker -dependency_info -Xlinker /Users/robinmalhotra2/Developer/opengl/opengl/opengl_bin/CMakeFiles/CMakeTmp/CMAKE_TRY_COMPILE.build/Debug/cmTryCompileExec401716713.build/Objects-normal/x86_64/cmTryCompileExec401716713_dependency_info.dat -o /Users/robinmalhotra2/Developer/opengl/opengl/opengl_bin/CMakeFiles/CMakeTmp/Debug/cmTryCompileExec401716713

** BUILD SUCCEEDED **



Determining if the pthread_create exist passed with the following output:
Change Dir: /Users/robinmalhotra2/Developer/opengl/opengl/opengl_bin/CMakeFiles/CMakeTmp

Run Build Command:"/Applications/CMake.app/Contents/bin/cmakexbuild" "-project" "CMAKE_TRY_COMPILE.xcodeproj" "build" "-target" "cmTryCompileExec1102187742" "-configuration" "Debug"
=== BUILD TARGET cmTryCompileExec1102187742 OF PROJECT CMAKE_TRY_COMPILE WITH CONFIGURATION Debug ===

Check dependencies

Write auxiliary files
/bin/mkdir -p /Users/robinmalhotra2/Developer/opengl/opengl/opengl_bin/CMakeFiles/CMakeTmp/CMAKE_TRY_COMPILE.build/Debug/cmTryCompileExec1102187742.build/Objects-normal/x86_64
write-file /Users/robinmalhotra2/Developer/opengl/opengl/opengl_bin/CMakeFiles/CMakeTmp/CMAKE_TRY_COMPILE.build/Debug/cmTryCompileExec1102187742.build/Objects-normal/x86_64/cmTryCompileExec1102187742.LinkFileList

CompileC CMAKE_TRY_COMPILE.build/Debug/cmTryCompileExec1102187742.build/Objects-normal/x86_64/CheckSymbolExists.o CheckSymbolExists.c normal x86_64 c com.apple.compilers.llvm.clang.1_0.compiler
    cd /Users/robinmalhotra2/Developer/opengl/opengl/opengl_bin/CMakeFiles/CMakeTmp
    export LANG=en_US.US-ASCII
    /Applications/Xcode.app/Contents/Developer/Toolchains/XcodeDefault.xctoolchain/usr/bin/clang -x c -arch x86_64 -fmessage-length=0 -fdiagnostics-show-note-include-stack -fmacro-backtrace-limit=0 -Wno-trigraphs -fpascal-strings -O0 -Wno-missing-field-initializers -Wno-missing-prototypes -Wno-return-type -Wno-missing-braces -Wparentheses -Wswitch -Wno-unused-function -Wno-unused-label -Wno-unused-parameter -Wno-unused-variable -Wunused-value -Wno-empty-body -Wno-uninitialized -Wno-unknown-pragmas -Wno-shadow -Wno-four-char-constants -Wno-conversion -Wno-constant-conversion -Wno-int-conversion -Wno-bool-conversion -Wno-enum-conversion -Wno-shorten-64-to-32 -Wpointer-sign -Wno-newline-eof -DCMAKE_INTDIR=\"Debug\" -isysroot /Applications/Xcode.app/Contents/Developer/Platforms/MacOSX.platform/Developer/SDKs/MacOSX10.9.sdk -fasm-blocks -fstrict-aliasing -Wdeprecated-declarations -mmacosx-version-min=10.9 -g -Wno-sign-conversion -I/Users/robinmalhotra2/Developer/opengl/opengl/opengl_bin/CMakeFiles/CMakeTmp/Debug/include -I/Applications/Xcode.app/Contents/Developer/Toolchains/XcodeDefault.xctoolchain/usr/include -I/Users/robinmalhotra2/Developer/opengl/opengl/opengl_bin/CMakeFiles/CMakeTmp/CMAKE_TRY_COMPILE.build/Debug/cmTryCompileExec1102187742.build/DerivedSources/x86_64 -I/Users/robinmalhotra2/Developer/opengl/opengl/opengl_bin/CMakeFiles/CMakeTmp/CMAKE_TRY_COMPILE.build/Debug/cmTryCompileExec1102187742.build/DerivedSources -Wmost -Wno-four-char-constants -Wno-unknown-pragmas -F/Users/robinmalhotra2/Developer/opengl/opengl/opengl_bin/CMakeFiles/CMakeTmp/Debug -MMD -MT dependencies -MF /Users/robinmalhotra2/Developer/opengl/opengl/opengl_bin/CMakeFiles/CMakeTmp/CMAKE_TRY_COMPILE.build/Debug/cmTryCompileExec1102187742.build/Objects-normal/x86_64/CheckSymbolExists.d --serialize-diagnostics /Users/robinmalhotra2/Developer/opengl/opengl/opengl_bin/CMakeFiles/CMakeTmp/CMAKE_TRY_COMPILE.build/Debug/cmTryCompileExec1102187742.build/Objects-normal/x86_64/CheckSymbolExists.dia -c /Users/robinmalhotra2/Developer/opengl/opengl/opengl_bin/CMakeFiles/CMakeTmp/CheckSymbolExists.c -o /Users/robinmalhotra2/Developer/opengl/opengl/opengl_bin/CMakeFiles/CMakeTmp/CMAKE_TRY_COMPILE.build/Debug/cmTryCompileExec1102187742.build/Objects-normal/x86_64/CheckSymbolExists.o

Ld Debug/cmTryCompileExec1102187742 normal x86_64
    cd /Users/robinmalhotra2/Developer/opengl/opengl/opengl_bin/CMakeFiles/CMakeTmp
    export MACOSX_DEPLOYMENT_TARGET=10.9
    /Applications/Xcode.app/Contents/Developer/Toolchains/XcodeDefault.xctoolchain/usr/bin/clang -arch x86_64 -isysroot /Applications/Xcode.app/Contents/Developer/Platforms/MacOSX.platform/Developer/SDKs/MacOSX10.9.sdk -L/Users/robinmalhotra2/Developer/opengl/opengl/opengl_bin/CMakeFiles/CMakeTmp/Debug -F/Users/robinmalhotra2/Developer/opengl/opengl/opengl_bin/CMakeFiles/CMakeTmp/Debug -filelist /Users/robinmalhotra2/Developer/opengl/opengl/opengl_bin/CMakeFiles/CMakeTmp/CMAKE_TRY_COMPILE.build/Debug/cmTryCompileExec1102187742.build/Objects-normal/x86_64/cmTryCompileExec1102187742.LinkFileList -mmacosx-version-min=10.9 -Wl,-search_paths_first -Wl,-headerpad_max_install_names -Xlinker -dependency_info -Xlinker /Users/robinmalhotra2/Developer/opengl/opengl/opengl_bin/CMakeFiles/CMakeTmp/CMAKE_TRY_COMPILE.build/Debug/cmTryCompileExec1102187742.build/Objects-normal/x86_64/cmTryCompileExec1102187742_dependency_info.dat -o /Users/robinmalhotra2/Developer/opengl/opengl/opengl_bin/CMakeFiles/CMakeTmp/Debug/cmTryCompileExec1102187742

** BUILD SUCCEEDED **


File /Users/robinmalhotra2/Developer/opengl/opengl/opengl_bin/CMakeFiles/CMakeTmp/CheckSymbolExists.c:
/* */
#include <pthread.h>

int main(int argc, char** argv)
{
  (void)argv;
#ifndef pthread_create
  return ((int*)(&pthread_create))[argc];
#else
  (void)argc;
  return 0;
#endif
}

Determining if the include file sys/types.h exists passed with the following output:
Change Dir: /Users/robinmalhotra2/Developer/opengl/opengl/opengl_bin/CMakeFiles/CMakeTmp

Run Build Command:"/Applications/CMake.app/Contents/bin/cmakexbuild" "-project" "CMAKE_TRY_COMPILE.xcodeproj" "build" "-target" "cmTryCompileExec1837754159" "-configuration" "Debug"
=== BUILD TARGET cmTryCompileExec1837754159 OF PROJECT CMAKE_TRY_COMPILE WITH CONFIGURATION Debug ===

Check dependencies

Write auxiliary files
/bin/mkdir -p /Users/robinmalhotra2/Developer/opengl/opengl/opengl_bin/CMakeFiles/CMakeTmp/CMAKE_TRY_COMPILE.build/Debug/cmTryCompileExec1837754159.build/Objects-normal/x86_64
write-file /Users/robinmalhotra2/Developer/opengl/opengl/opengl_bin/CMakeFiles/CMakeTmp/CMAKE_TRY_COMPILE.build/Debug/cmTryCompileExec1837754159.build/Objects-normal/x86_64/cmTryCompileExec1837754159.LinkFileList

CompileC CMAKE_TRY_COMPILE.build/Debug/cmTryCompileExec1837754159.build/Objects-normal/x86_64/CheckIncludeFile.o CheckIncludeFile.c normal x86_64 c com.apple.compilers.llvm.clang.1_0.compiler
    cd /Users/robinmalhotra2/Developer/opengl/opengl/opengl_bin/CMakeFiles/CMakeTmp
    export LANG=en_US.US-ASCII
    /Applications/Xcode.app/Contents/Developer/Toolchains/XcodeDefault.xctoolchain/usr/bin/clang -x c -arch x86_64 -fmessage-length=0 -fdiagnostics-show-note-include-stack -fmacro-backtrace-limit=0 -Wno-trigraphs -fpascal-strings -O0 -Wno-missing-field-initializers -Wno-missing-prototypes -Wno-return-type -Wno-missing-braces -Wparentheses -Wswitch -Wno-unused-function -Wno-unused-label -Wno-unused-parameter -Wno-unused-variable -Wunused-value -Wno-empty-body -Wno-uninitialized -Wno-unknown-pragmas -Wno-shadow -Wno-four-char-constants -Wno-conversion -Wno-constant-conversion -Wno-int-conversion -Wno-bool-conversion -Wno-enum-conversion -Wno-shorten-64-to-32 -Wpointer-sign -Wno-newline-eof -DCMAKE_INTDIR=\"Debug\" -isysroot /Applications/Xcode.app/Contents/Developer/Platforms/MacOSX.platform/Developer/SDKs/MacOSX10.9.sdk -fasm-blocks -fstrict-aliasing -Wdeprecated-declarations -mmacosx-version-min=10.9 -g -Wno-sign-conversion -I/Users/robinmalhotra2/Developer/opengl/opengl/opengl_bin/CMakeFiles/CMakeTmp/Debug/include -I/Applications/Xcode.app/Contents/Developer/Toolchains/XcodeDefault.xctoolchain/usr/include -I/Users/robinmalhotra2/Developer/opengl/opengl/opengl_bin/CMakeFiles/CMakeTmp/CMAKE_TRY_COMPILE.build/Debug/cmTryCompileExec1837754159.build/DerivedSources/x86_64 -I/Users/robinmalhotra2/Developer/opengl/opengl/opengl_bin/CMakeFiles/CMakeTmp/CMAKE_TRY_COMPILE.build/Debug/cmTryCompileExec1837754159.build/DerivedSources -Wmost -Wno-four-char-constants -Wno-unknown-pragmas -F/Users/robinmalhotra2/Developer/opengl/opengl/opengl_bin/CMakeFiles/CMakeTmp/Debug -MMD -MT dependencies -MF /Users/robinmalhotra2/Developer/opengl/opengl/opengl_bin/CMakeFiles/CMakeTmp/CMAKE_TRY_COMPILE.build/Debug/cmTryCompileExec1837754159.build/Objects-normal/x86_64/CheckIncludeFile.d --serialize-diagnostics /Users/robinmalhotra2/Developer/opengl/opengl/opengl_bin/CMakeFiles/CMakeTmp/CMAKE_TRY_COMPILE.build/Debug/cmTryCompileExec1837754159.build/Objects-normal/x86_64/CheckIncludeFile.dia -c /Users/robinmalhotra2/Developer/opengl/opengl/opengl_bin/CMakeFiles/CMakeTmp/CheckIncludeFile.c -o /Users/robinmalhotra2/Developer/opengl/opengl/opengl_bin/CMakeFiles/CMakeTmp/CMAKE_TRY_COMPILE.build/Debug/cmTryCompileExec1837754159.build/Objects-normal/x86_64/CheckIncludeFile.o

Ld Debug/cmTryCompileExec1837754159 normal x86_64
    cd /Users/robinmalhotra2/Developer/opengl/opengl/opengl_bin/CMakeFiles/CMakeTmp
    export MACOSX_DEPLOYMENT_TARGET=10.9
    /Applications/Xcode.app/Contents/Developer/Toolchains/XcodeDefault.xctoolchain/usr/bin/clang -arch x86_64 -isysroot /Applications/Xcode.app/Contents/Developer/Platforms/MacOSX.platform/Developer/SDKs/MacOSX10.9.sdk -L/Users/robinmalhotra2/Developer/opengl/opengl/opengl_bin/CMakeFiles/CMakeTmp/Debug -F/Users/robinmalhotra2/Developer/opengl/opengl/opengl_bin/CMakeFiles/CMakeTmp/Debug -filelist /Users/robinmalhotra2/Developer/opengl/opengl/opengl_bin/CMakeFiles/CMakeTmp/CMAKE_TRY_COMPILE.build/Debug/cmTryCompileExec1837754159.build/Objects-normal/x86_64/cmTryCompileExec1837754159.LinkFileList -mmacosx-version-min=10.9 -Wl,-search_paths_first -Wl,-headerpad_max_install_names -Xlinker -dependency_info -Xlinker /Users/robinmalhotra2/Developer/opengl/opengl/opengl_bin/CMakeFiles/CMakeTmp/CMAKE_TRY_COMPILE.build/Debug/cmTryCompileExec1837754159.build/Objects-normal/x86_64/cmTryCompileExec1837754159_dependency_info.dat -o /Users/robinmalhotra2/Developer/opengl/opengl/opengl_bin/CMakeFiles/CMakeTmp/Debug/cmTryCompileExec1837754159

** BUILD SUCCEEDED **



Determining if the include file stdint.h exists passed with the following output:
Change Dir: /Users/robinmalhotra2/Developer/opengl/opengl/opengl_bin/CMakeFiles/CMakeTmp

Run Build Command:"/Applications/CMake.app/Contents/bin/cmakexbuild" "-project" "CMAKE_TRY_COMPILE.xcodeproj" "build" "-target" "cmTryCompileExec3217062155" "-configuration" "Debug"
=== BUILD TARGET cmTryCompileExec3217062155 OF PROJECT CMAKE_TRY_COMPILE WITH CONFIGURATION Debug ===

Check dependencies

Write auxiliary files
/bin/mkdir -p /Users/robinmalhotra2/Developer/opengl/opengl/opengl_bin/CMakeFiles/CMakeTmp/CMAKE_TRY_COMPILE.build/Debug/cmTryCompileExec3217062155.build/Objects-normal/x86_64
write-file /Users/robinmalhotra2/Developer/opengl/opengl/opengl_bin/CMakeFiles/CMakeTmp/CMAKE_TRY_COMPILE.build/Debug/cmTryCompileExec3217062155.build/Objects-normal/x86_64/cmTryCompileExec3217062155.LinkFileList

CompileC CMAKE_TRY_COMPILE.build/Debug/cmTryCompileExec3217062155.build/Objects-normal/x86_64/CheckIncludeFile.o CheckIncludeFile.c normal x86_64 c com.apple.compilers.llvm.clang.1_0.compiler
    cd /Users/robinmalhotra2/Developer/opengl/opengl/opengl_bin/CMakeFiles/CMakeTmp
    export LANG=en_US.US-ASCII
    /Applications/Xcode.app/Contents/Developer/Toolchains/XcodeDefault.xctoolchain/usr/bin/clang -x c -arch x86_64 -fmessage-length=0 -fdiagnostics-show-note-include-stack -fmacro-backtrace-limit=0 -Wno-trigraphs -fpascal-strings -O0 -Wno-missing-field-initializers -Wno-missing-prototypes -Wno-return-type -Wno-missing-braces -Wparentheses -Wswitch -Wno-unused-function -Wno-unused-label -Wno-unused-parameter -Wno-unused-variable -Wunused-value -Wno-empty-body -Wno-uninitialized -Wno-unknown-pragmas -Wno-shadow -Wno-four-char-constants -Wno-conversion -Wno-constant-conversion -Wno-int-conversion -Wno-bool-conversion -Wno-enum-conversion -Wno-shorten-64-to-32 -Wpointer-sign -Wno-newline-eof -DCMAKE_INTDIR=\"Debug\" -isysroot /Applications/Xcode.app/Contents/Developer/Platforms/MacOSX.platform/Developer/SDKs/MacOSX10.9.sdk -fasm-blocks -fstrict-aliasing -Wdeprecated-declarations -mmacosx-version-min=10.9 -g -Wno-sign-conversion -I/Users/robinmalhotra2/Developer/opengl/opengl/opengl_bin/CMakeFiles/CMakeTmp/Debug/include -I/Applications/Xcode.app/Contents/Developer/Toolchains/XcodeDefault.xctoolchain/usr/include -I/Users/robinmalhotra2/Developer/opengl/opengl/opengl_bin/CMakeFiles/CMakeTmp/CMAKE_TRY_COMPILE.build/Debug/cmTryCompileExec3217062155.build/DerivedSources/x86_64 -I/Users/robinmalhotra2/Developer/opengl/opengl/opengl_bin/CMakeFiles/CMakeTmp/CMAKE_TRY_COMPILE.build/Debug/cmTryCompileExec3217062155.build/DerivedSources -Wmost -Wno-four-char-constants -Wno-unknown-pragmas -F/Users/robinmalhotra2/Developer/opengl/opengl/opengl_bin/CMakeFiles/CMakeTmp/Debug -MMD -MT dependencies -MF /Users/robinmalhotra2/Developer/opengl/opengl/opengl_bin/CMakeFiles/CMakeTmp/CMAKE_TRY_COMPILE.build/Debug/cmTryCompileExec3217062155.build/Objects-normal/x86_64/CheckIncludeFile.d --serialize-diagnostics /Users/robinmalhotra2/Developer/opengl/opengl/opengl_bin/CMakeFiles/CMakeTmp/CMAKE_TRY_COMPILE.build/Debug/cmTryCompileExec3217062155.build/Objects-normal/x86_64/CheckIncludeFile.dia -c /Users/robinmalhotra2/Developer/opengl/opengl/opengl_bin/CMakeFiles/CMakeTmp/CheckIncludeFile.c -o /Users/robinmalhotra2/Developer/opengl/opengl/opengl_bin/CMakeFiles/CMakeTmp/CMAKE_TRY_COMPILE.build/Debug/cmTryCompileExec3217062155.build/Objects-normal/x86_64/CheckIncludeFile.o

Ld Debug/cmTryCompileExec3217062155 normal x86_64
    cd /Users/robinmalhotra2/Developer/opengl/opengl/opengl_bin/CMakeFiles/CMakeTmp
    export MACOSX_DEPLOYMENT_TARGET=10.9
    /Applications/Xcode.app/Contents/Developer/Toolchains/XcodeDefault.xctoolchain/usr/bin/clang -arch x86_64 -isysroot /Applications/Xcode.app/Contents/Developer/Platforms/MacOSX.platform/Developer/SDKs/MacOSX10.9.sdk -L/Users/robinmalhotra2/Developer/opengl/opengl/opengl_bin/CMakeFiles/CMakeTmp/Debug -F/Users/robinmalhotra2/Developer/opengl/opengl/opengl_bin/CMakeFiles/CMakeTmp/Debug -filelist /Users/robinmalhotra2/Developer/opengl/opengl/opengl_bin/CMakeFiles/CMakeTmp/CMAKE_TRY_COMPILE.build/Debug/cmTryCompileExec3217062155.build/Objects-normal/x86_64/cmTryCompileExec3217062155.LinkFileList -mmacosx-version-min=10.9 -Wl,-search_paths_first -Wl,-headerpad_max_install_names -Xlinker -dependency_info -Xlinker /Users/robinmalhotra2/Developer/opengl/opengl/opengl_bin/CMakeFiles/CMakeTmp/CMAKE_TRY_COMPILE.build/Debug/cmTryCompileExec3217062155.build/Objects-normal/x86_64/cmTryCompileExec3217062155_dependency_info.dat -o /Users/robinmalhotra2/Developer/opengl/opengl/opengl_bin/CMakeFiles/CMakeTmp/Debug/cmTryCompileExec3217062155

** BUILD SUCCEEDED **



Determining if the include file stddef.h exists passed with the following output:
Change Dir: /Users/robinmalhotra2/Developer/opengl/opengl/opengl_bin/CMakeFiles/CMakeTmp

Run Build Command:"/Applications/CMake.app/Contents/bin/cmakexbuild" "-project" "CMAKE_TRY_COMPILE.xcodeproj" "build" "-target" "cmTryCompileExec1120601246" "-configuration" "Debug"
=== BUILD TARGET cmTryCompileExec1120601246 OF PROJECT CMAKE_TRY_COMPILE WITH CONFIGURATION Debug ===

Check dependencies

Write auxiliary files
/bin/mkdir -p /Users/robinmalhotra2/Developer/opengl/opengl/opengl_bin/CMakeFiles/CMakeTmp/CMAKE_TRY_COMPILE.build/Debug/cmTryCompileExec1120601246.build/Objects-normal/x86_64
write-file /Users/robinmalhotra2/Developer/opengl/opengl/opengl_bin/CMakeFiles/CMakeTmp/CMAKE_TRY_COMPILE.build/Debug/cmTryCompileExec1120601246.build/Objects-normal/x86_64/cmTryCompileExec1120601246.LinkFileList

CompileC CMAKE_TRY_COMPILE.build/Debug/cmTryCompileExec1120601246.build/Objects-normal/x86_64/CheckIncludeFile.o CheckIncludeFile.c normal x86_64 c com.apple.compilers.llvm.clang.1_0.compiler
    cd /Users/robinmalhotra2/Developer/opengl/opengl/opengl_bin/CMakeFiles/CMakeTmp
    export LANG=en_US.US-ASCII
    /Applications/Xcode.app/Contents/Developer/Toolchains/XcodeDefault.xctoolchain/usr/bin/clang -x c -arch x86_64 -fmessage-length=0 -fdiagnostics-show-note-include-stack -fmacro-backtrace-limit=0 -Wno-trigraphs -fpascal-strings -O0 -Wno-missing-field-initializers -Wno-missing-prototypes -Wno-return-type -Wno-missing-braces -Wparentheses -Wswitch -Wno-unused-function -Wno-unused-label -Wno-unused-parameter -Wno-unused-variable -Wunused-value -Wno-empty-body -Wno-uninitialized -Wno-unknown-pragmas -Wno-shadow -Wno-four-char-constants -Wno-conversion -Wno-constant-conversion -Wno-int-conversion -Wno-bool-conversion -Wno-enum-conversion -Wno-shorten-64-to-32 -Wpointer-sign -Wno-newline-eof -DCMAKE_INTDIR=\"Debug\" -isysroot /Applications/Xcode.app/Contents/Developer/Platforms/MacOSX.platform/Developer/SDKs/MacOSX10.9.sdk -fasm-blocks -fstrict-aliasing -Wdeprecated-declarations -mmacosx-version-min=10.9 -g -Wno-sign-conversion -I/Users/robinmalhotra2/Developer/opengl/opengl/opengl_bin/CMakeFiles/CMakeTmp/Debug/include -I/Applications/Xcode.app/Contents/Developer/Toolchains/XcodeDefault.xctoolchain/usr/include -I/Users/robinmalhotra2/Developer/opengl/opengl/opengl_bin/CMakeFiles/CMakeTmp/CMAKE_TRY_COMPILE.build/Debug/cmTryCompileExec1120601246.build/DerivedSources/x86_64 -I/Users/robinmalhotra2/Developer/opengl/opengl/opengl_bin/CMakeFiles/CMakeTmp/CMAKE_TRY_COMPILE.build/Debug/cmTryCompileExec1120601246.build/DerivedSources -Wmost -Wno-four-char-constants -Wno-unknown-pragmas -F/Users/robinmalhotra2/Developer/opengl/opengl/opengl_bin/CMakeFiles/CMakeTmp/Debug -MMD -MT dependencies -MF /Users/robinmalhotra2/Developer/opengl/opengl/opengl_bin/CMakeFiles/CMakeTmp/CMAKE_TRY_COMPILE.build/Debug/cmTryCompileExec1120601246.build/Objects-normal/x86_64/CheckIncludeFile.d --serialize-diagnostics /Users/robinmalhotra2/Developer/opengl/opengl/opengl_bin/CMakeFiles/CMakeTmp/CMAKE_TRY_COMPILE.build/Debug/cmTryCompileExec1120601246.build/Objects-normal/x86_64/CheckIncludeFile.dia -c /Users/robinmalhotra2/Developer/opengl/opengl/opengl_bin/CMakeFiles/CMakeTmp/CheckIncludeFile.c -o /Users/robinmalhotra2/Developer/opengl/opengl/opengl_bin/CMakeFiles/CMakeTmp/CMAKE_TRY_COMPILE.build/Debug/cmTryCompileExec1120601246.build/Objects-normal/x86_64/CheckIncludeFile.o

Ld Debug/cmTryCompileExec1120601246 normal x86_64
    cd /Users/robinmalhotra2/Developer/opengl/opengl/opengl_bin/CMakeFiles/CMakeTmp
    export MACOSX_DEPLOYMENT_TARGET=10.9
    /Applications/Xcode.app/Contents/Developer/Toolchains/XcodeDefault.xctoolchain/usr/bin/clang -arch x86_64 -isysroot /Applications/Xcode.app/Contents/Developer/Platforms/MacOSX.platform/Developer/SDKs/MacOSX10.9.sdk -L/Users/robinmalhotra2/Developer/opengl/opengl/opengl_bin/CMakeFiles/CMakeTmp/Debug -F/Users/robinmalhotra2/Developer/opengl/opengl/opengl_bin/CMakeFiles/CMakeTmp/Debug -filelist /Users/robinmalhotra2/Developer/opengl/opengl/opengl_bin/CMakeFiles/CMakeTmp/CMAKE_TRY_COMPILE.build/Debug/cmTryCompileExec1120601246.build/Objects-normal/x86_64/cmTryCompileExec1120601246.LinkFileList -mmacosx-version-min=10.9 -Wl,-search_paths_first -Wl,-headerpad_max_install_names -Xlinker -dependency_info -Xlinker /Users/robinmalhotra2/Developer/opengl/opengl/opengl_bin/CMakeFiles/CMakeTmp/CMAKE_TRY_COMPILE.build/Debug/cmTryCompileExec1120601246.build/Objects-normal/x86_64/cmTryCompileExec1120601246_dependency_info.dat -o /Users/robinmalhotra2/Developer/opengl/opengl/opengl_bin/CMakeFiles/CMakeTmp/Debug/cmTryCompileExec1120601246

** BUILD SUCCEEDED **



Determining if the function fseeko exists passed with the following output:
Change Dir: /Users/robinmalhotra2/Developer/opengl/opengl/opengl_bin/CMakeFiles/CMakeTmp

Run Build Command:"/Applications/CMake.app/Contents/bin/cmakexbuild" "-project" "CMAKE_TRY_COMPILE.xcodeproj" "build" "-target" "cmTryCompileExec3968010165" "-configuration" "Debug"
=== BUILD TARGET cmTryCompileExec3968010165 OF PROJECT CMAKE_TRY_COMPILE WITH CONFIGURATION Debug ===

Check dependencies

Write auxiliary files
/bin/mkdir -p /Users/robinmalhotra2/Developer/opengl/opengl/opengl_bin/CMakeFiles/CMakeTmp/CMAKE_TRY_COMPILE.build/Debug/cmTryCompileExec3968010165.build/Objects-normal/x86_64
write-file /Users/robinmalhotra2/Developer/opengl/opengl/opengl_bin/CMakeFiles/CMakeTmp/CMAKE_TRY_COMPILE.build/Debug/cmTryCompileExec3968010165.build/Objects-normal/x86_64/cmTryCompileExec3968010165.LinkFileList

CompileC CMAKE_TRY_COMPILE.build/Debug/cmTryCompileExec3968010165.build/Objects-normal/x86_64/CheckFunctionExists.o /Applications/CMake.app/Contents/share/cmake-3.0/Modules/CheckFunctionExists.c normal x86_64 c com.apple.compilers.llvm.clang.1_0.compiler
    cd /Users/robinmalhotra2/Developer/opengl/opengl/opengl_bin/CMakeFiles/CMakeTmp
    export LANG=en_US.US-ASCII
    /Applications/Xcode.app/Contents/Developer/Toolchains/XcodeDefault.xctoolchain/usr/bin/clang -x c -arch x86_64 -fmessage-length=0 -fdiagnostics-show-note-include-stack -fmacro-backtrace-limit=0 -Wno-trigraphs -fpascal-strings -O0 -Wno-missing-field-initializers -Wno-missing-prototypes -Wno-return-type -Wno-missing-braces -Wparentheses -Wswitch -Wno-unused-function -Wno-unused-label -Wno-unused-parameter -Wno-unused-variable -Wunused-value -Wno-empty-body -Wno-uninitialized -Wno-unknown-pragmas -Wno-shadow -Wno-four-char-constants -Wno-conversion -Wno-constant-conversion -Wno-int-conversion -Wno-bool-conversion -Wno-enum-conversion -Wno-shorten-64-to-32 -Wpointer-sign -Wno-newline-eof -DCMAKE_INTDIR=\"Debug\" -isysroot /Applications/Xcode.app/Contents/Developer/Platforms/MacOSX.platform/Developer/SDKs/MacOSX10.9.sdk -fasm-blocks -fstrict-aliasing -Wdeprecated-declarations -mmacosx-version-min=10.9 -g -Wno-sign-conversion -I/Users/robinmalhotra2/Developer/opengl/opengl/opengl_bin/CMakeFiles/CMakeTmp/Debug/include -I/Applications/Xcode.app/Contents/Developer/Toolchains/XcodeDefault.xctoolchain/usr/include -I/Users/robinmalhotra2/Developer/opengl/opengl/opengl_bin/CMakeFiles/CMakeTmp/CMAKE_TRY_COMPILE.build/Debug/cmTryCompileExec3968010165.build/DerivedSources/x86_64 -I/Users/robinmalhotra2/Developer/opengl/opengl/opengl_bin/CMakeFiles/CMakeTmp/CMAKE_TRY_COMPILE.build/Debug/cmTryCompileExec3968010165.build/DerivedSources -Wmost -Wno-four-char-constants -Wno-unknown-pragmas -F/Users/robinmalhotra2/Developer/opengl/opengl/opengl_bin/CMakeFiles/CMakeTmp/Debug -DCHECK_FUNCTION_EXISTS=fseeko -MMD -MT dependencies -MF /Users/robinmalhotra2/Developer/opengl/opengl/opengl_bin/CMakeFiles/CMakeTmp/CMAKE_TRY_COMPILE.build/Debug/cmTryCompileExec3968010165.build/Objects-normal/x86_64/CheckFunctionExists.d --serialize-diagnostics /Users/robinmalhotra2/Developer/opengl/opengl/opengl_bin/CMakeFiles/CMakeTmp/CMAKE_TRY_COMPILE.build/Debug/cmTryCompileExec3968010165.build/Objects-normal/x86_64/CheckFunctionExists.dia -c /Applications/CMake.app/Contents/share/cmake-3.0/Modules/CheckFunctionExists.c -o /Users/robinmalhotra2/Developer/opengl/opengl/opengl_bin/CMakeFiles/CMakeTmp/CMAKE_TRY_COMPILE.build/Debug/cmTryCompileExec3968010165.build/Objects-normal/x86_64/CheckFunctionExists.o

Ld Debug/cmTryCompileExec3968010165 normal x86_64
    cd /Users/robinmalhotra2/Developer/opengl/opengl/opengl_bin/CMakeFiles/CMakeTmp
    export MACOSX_DEPLOYMENT_TARGET=10.9
    /Applications/Xcode.app/Contents/Developer/Toolchains/XcodeDefault.xctoolchain/usr/bin/clang -arch x86_64 -isysroot /Applications/Xcode.app/Contents/Developer/Platforms/MacOSX.platform/Developer/SDKs/MacOSX10.9.sdk -L/Users/robinmalhotra2/Developer/opengl/opengl/opengl_bin/CMakeFiles/CMakeTmp/Debug -F/Users/robinmalhotra2/Developer/opengl/opengl/opengl_bin/CMakeFiles/CMakeTmp/Debug -filelist /Users/robinmalhotra2/Developer/opengl/opengl/opengl_bin/CMakeFiles/CMakeTmp/CMAKE_TRY_COMPILE.build/Debug/cmTryCompileExec3968010165.build/Objects-normal/x86_64/cmTryCompileExec3968010165.LinkFileList -mmacosx-version-min=10.9 -Wl,-search_paths_first -Wl,-headerpad_max_install_names -Xlinker -dependency_info -Xlinker /Users/robinmalhotra2/Developer/opengl/opengl/opengl_bin/CMakeFiles/CMakeTmp/CMAKE_TRY_COMPILE.build/Debug/cmTryCompileExec3968010165.build/Objects-normal/x86_64/cmTryCompileExec3968010165_dependency_info.dat -o /Users/robinmalhotra2/Developer/opengl/opengl/opengl_bin/CMakeFiles/CMakeTmp/Debug/cmTryCompileExec3968010165

** BUILD SUCCEEDED **



Determining if the include file unistd.h exists passed with the following output:
Change Dir: /Users/robinmalhotra2/Developer/opengl/opengl/opengl_bin/CMakeFiles/CMakeTmp

Run Build Command:"/Applications/CMake.app/Contents/bin/cmakexbuild" "-project" "CMAKE_TRY_COMPILE.xcodeproj" "build" "-target" "cmTryCompileExec3141312416" "-configuration" "Debug"
=== BUILD TARGET cmTryCompileExec3141312416 OF PROJECT CMAKE_TRY_COMPILE WITH CONFIGURATION Debug ===

Check dependencies

Write auxiliary files
/bin/mkdir -p /Users/robinmalhotra2/Developer/opengl/opengl/opengl_bin/CMakeFiles/CMakeTmp/CMAKE_TRY_COMPILE.build/Debug/cmTryCompileExec3141312416.build/Objects-normal/x86_64
write-file /Users/robinmalhotra2/Developer/opengl/opengl/opengl_bin/CMakeFiles/CMakeTmp/CMAKE_TRY_COMPILE.build/Debug/cmTryCompileExec3141312416.build/Objects-normal/x86_64/cmTryCompileExec3141312416.LinkFileList

CompileC CMAKE_TRY_COMPILE.build/Debug/cmTryCompileExec3141312416.build/Objects-normal/x86_64/CheckIncludeFile.o CheckIncludeFile.c normal x86_64 c com.apple.compilers.llvm.clang.1_0.compiler
    cd /Users/robinmalhotra2/Developer/opengl/opengl/opengl_bin/CMakeFiles/CMakeTmp
    export LANG=en_US.US-ASCII
    /Applications/Xcode.app/Contents/Developer/Toolchains/XcodeDefault.xctoolchain/usr/bin/clang -x c -arch x86_64 -fmessage-length=0 -fdiagnostics-show-note-include-stack -fmacro-backtrace-limit=0 -Wno-trigraphs -fpascal-strings -O0 -Wno-missing-field-initializers -Wno-missing-prototypes -Wno-return-type -Wno-missing-braces -Wparentheses -Wswitch -Wno-unused-function -Wno-unused-label -Wno-unused-parameter -Wno-unused-variable -Wunused-value -Wno-empty-body -Wno-uninitialized -Wno-unknown-pragmas -Wno-shadow -Wno-four-char-constants -Wno-conversion -Wno-constant-conversion -Wno-int-conversion -Wno-bool-conversion -Wno-enum-conversion -Wno-shorten-64-to-32 -Wpointer-sign -Wno-newline-eof -DCMAKE_INTDIR=\"Debug\" -isysroot /Applications/Xcode.app/Contents/Developer/Platforms/MacOSX.platform/Developer/SDKs/MacOSX10.9.sdk -fasm-blocks -fstrict-aliasing -Wdeprecated-declarations -mmacosx-version-min=10.9 -g -Wno-sign-conversion -I/Users/robinmalhotra2/Developer/opengl/opengl/opengl_bin/CMakeFiles/CMakeTmp/Debug/include -I/Applications/Xcode.app/Contents/Developer/Toolchains/XcodeDefault.xctoolchain/usr/include -I/Users/robinmalhotra2/Developer/opengl/opengl/opengl_bin/CMakeFiles/CMakeTmp/CMAKE_TRY_COMPILE.build/Debug/cmTryCompileExec3141312416.build/DerivedSources/x86_64 -I/Users/robinmalhotra2/Developer/opengl/opengl/opengl_bin/CMakeFiles/CMakeTmp/CMAKE_TRY_COMPILE.build/Debug/cmTryCompileExec3141312416.build/DerivedSources -Wmost -Wno-four-char-constants -Wno-unknown-pragmas -F/Users/robinmalhotra2/Developer/opengl/opengl/opengl_bin/CMakeFiles/CMakeTmp/Debug -MMD -MT dependencies -MF /Users/robinmalhotra2/Developer/opengl/opengl/opengl_bin/CMakeFiles/CMakeTmp/CMAKE_TRY_COMPILE.build/Debug/cmTryCompileExec3141312416.build/Objects-normal/x86_64/CheckIncludeFile.d --serialize-diagnostics /Users/robinmalhotra2/Developer/opengl/opengl/opengl_bin/CMakeFiles/CMakeTmp/CMAKE_TRY_COMPILE.build/Debug/cmTryCompileExec3141312416.build/Objects-normal/x86_64/CheckIncludeFile.dia -c /Users/robinmalhotra2/Developer/opengl/opengl/opengl_bin/CMakeFiles/CMakeTmp/CheckIncludeFile.c -o /Users/robinmalhotra2/Developer/opengl/opengl/opengl_bin/CMakeFiles/CMakeTmp/CMAKE_TRY_COMPILE.build/Debug/cmTryCompileExec3141312416.build/Objects-normal/x86_64/CheckIncludeFile.o

Ld Debug/cmTryCompileExec3141312416 normal x86_64
    cd /Users/robinmalhotra2/Developer/opengl/opengl/opengl_bin/CMakeFiles/CMakeTmp
    export MACOSX_DEPLOYMENT_TARGET=10.9
    /Applications/Xcode.app/Contents/Developer/Toolchains/XcodeDefault.xctoolchain/usr/bin/clang -arch x86_64 -isysroot /Applications/Xcode.app/Contents/Developer/Platforms/MacOSX.platform/Developer/SDKs/MacOSX10.9.sdk -L/Users/robinmalhotra2/Developer/opengl/opengl/opengl_bin/CMakeFiles/CMakeTmp/Debug -F/Users/robinmalhotra2/Developer/opengl/opengl/opengl_bin/CMakeFiles/CMakeTmp/Debug -filelist /Users/robinmalhotra2/Developer/opengl/opengl/opengl_bin/CMakeFiles/CMakeTmp/CMAKE_TRY_COMPILE.build/Debug/cmTryCompileExec3141312416.build/Objects-normal/x86_64/cmTryCompileExec3141312416.LinkFileList -mmacosx-version-min=10.9 -Wl,-search_paths_first -Wl,-headerpad_max_install_names -Xlinker -dependency_info -Xlinker /Users/robinmalhotra2/Developer/opengl/opengl/opengl_bin/CMakeFiles/CMakeTmp/CMAKE_TRY_COMPILE.build/Debug/cmTryCompileExec3141312416.build/Objects-normal/x86_64/cmTryCompileExec3141312416_dependency_info.dat -o /Users/robinmalhotra2/Developer/opengl/opengl/opengl_bin/CMakeFiles/CMakeTmp/Debug/cmTryCompileExec3141312416

** BUILD SUCCEEDED **



